{"C:\\Users\\1308l\\OneDrive\\Documentos\\INGINF\\S8\\TFG\\TFG_livelyAgeing\\backend\\getDBinfo\\inserts.js": {"path":"C:\\Users\\1308l\\OneDrive\\Documentos\\INGINF\\S8\\TFG\\TFG_livelyAgeing\\backend\\getDBinfo\\inserts.js","statementMap":{"0":{"start":{"line":1,"column":16},"end":{"line":1,"column":34}},"1":{"start":{"line":2,"column":13},"end":{"line":2,"column":28}},"2":{"start":{"line":3,"column":13},"end":{"line":3,"column":36}},"3":{"start":{"line":4,"column":12},"end":{"line":4,"column":21}},"4":{"start":{"line":5,"column":0},"end":{"line":5,"column":24}},"5":{"start":{"line":8,"column":2},"end":{"line":24,"column":3}},"6":{"start":{"line":9,"column":24},"end":{"line":14,"column":5}},"7":{"start":{"line":15,"column":19},"end":{"line":18,"column":5}},"8":{"start":{"line":19,"column":16},"end":{"line":19,"column":53}},"9":{"start":{"line":20,"column":4},"end":{"line":20,"column":52}},"10":{"start":{"line":22,"column":4},"end":{"line":22,"column":57}},"11":{"start":{"line":23,"column":4},"end":{"line":23,"column":14}},"12":{"start":{"line":28,"column":2},"end":{"line":47,"column":3}},"13":{"start":{"line":29,"column":24},"end":{"line":37,"column":5}},"14":{"start":{"line":39,"column":19},"end":{"line":41,"column":5}},"15":{"start":{"line":43,"column":16},"end":{"line":43,"column":53}},"16":{"start":{"line":44,"column":4},"end":{"line":44,"column":33}},"17":{"start":{"line":46,"column":4},"end":{"line":46,"column":50}},"18":{"start":{"line":51,"column":2},"end":{"line":70,"column":3}},"19":{"start":{"line":52,"column":24},"end":{"line":60,"column":5}},"20":{"start":{"line":62,"column":19},"end":{"line":64,"column":5}},"21":{"start":{"line":66,"column":16},"end":{"line":66,"column":53}},"22":{"start":{"line":67,"column":4},"end":{"line":67,"column":33}},"23":{"start":{"line":69,"column":4},"end":{"line":69,"column":55}},"24":{"start":{"line":74,"column":16},"end":{"line":74,"column":81}},"25":{"start":{"line":75,"column":14},"end":{"line":75,"column":52}},"26":{"start":{"line":76,"column":2},"end":{"line":76,"column":73}},"27":{"start":{"line":87,"column":23},"end":{"line":87,"column":99}},"28":{"start":{"line":88,"column":2},"end":{"line":125,"column":3}},"29":{"start":{"line":89,"column":4},"end":{"line":89,"column":41}},"30":{"start":{"line":90,"column":4},"end":{"line":90,"column":34}},"31":{"start":{"line":92,"column":4},"end":{"line":124,"column":5}},"32":{"start":{"line":93,"column":26},"end":{"line":105,"column":7}},"33":{"start":{"line":107,"column":21},"end":{"line":114,"column":7}},"34":{"start":{"line":116,"column":18},"end":{"line":116,"column":55}},"35":{"start":{"line":118,"column":23},"end":{"line":118,"column":44}},"36":{"start":{"line":119,"column":6},"end":{"line":119,"column":61}},"37":{"start":{"line":120,"column":6},"end":{"line":120,"column":58}},"38":{"start":{"line":121,"column":6},"end":{"line":121,"column":22}},"39":{"start":{"line":123,"column":6},"end":{"line":123,"column":52}},"40":{"start":{"line":130,"column":2},"end":{"line":149,"column":3}},"41":{"start":{"line":131,"column":24},"end":{"line":139,"column":5}},"42":{"start":{"line":141,"column":19},"end":{"line":143,"column":5}},"43":{"start":{"line":145,"column":16},"end":{"line":145,"column":53}},"44":{"start":{"line":146,"column":4},"end":{"line":146,"column":38}},"45":{"start":{"line":148,"column":4},"end":{"line":148,"column":55}},"46":{"start":{"line":154,"column":2},"end":{"line":196,"column":3}},"47":{"start":{"line":156,"column":24},"end":{"line":173,"column":5}},"48":{"start":{"line":174,"column":4},"end":{"line":174,"column":41}},"49":{"start":{"line":176,"column":19},"end":{"line":185,"column":5}},"50":{"start":{"line":189,"column":16},"end":{"line":189,"column":53}},"51":{"start":{"line":192,"column":4},"end":{"line":192,"column":38}},"52":{"start":{"line":194,"column":4},"end":{"line":194,"column":55}},"53":{"start":{"line":195,"column":4},"end":{"line":195,"column":14}},"54":{"start":{"line":201,"column":2},"end":{"line":239,"column":3}},"55":{"start":{"line":202,"column":4},"end":{"line":202,"column":51}},"56":{"start":{"line":203,"column":24},"end":{"line":219,"column":7}},"57":{"start":{"line":215,"column":35},"end":{"line":216,"column":83}},"58":{"start":{"line":216,"column":48},"end":{"line":216,"column":68}},"59":{"start":{"line":222,"column":19},"end":{"line":231,"column":6}},"60":{"start":{"line":222,"column":47},"end":{"line":231,"column":5}},"61":{"start":{"line":234,"column":16},"end":{"line":234,"column":53}},"62":{"start":{"line":236,"column":4},"end":{"line":236,"column":51}},"63":{"start":{"line":236,"column":31},"end":{"line":236,"column":49}},"64":{"start":{"line":238,"column":4},"end":{"line":238,"column":56}},"65":{"start":{"line":244,"column":2},"end":{"line":284,"column":3}},"66":{"start":{"line":246,"column":24},"end":{"line":263,"column":5}},"67":{"start":{"line":266,"column":19},"end":{"line":275,"column":5}},"68":{"start":{"line":278,"column":16},"end":{"line":278,"column":53}},"69":{"start":{"line":281,"column":4},"end":{"line":281,"column":38}},"70":{"start":{"line":283,"column":4},"end":{"line":283,"column":55}},"71":{"start":{"line":288,"column":2},"end":{"line":346,"column":3}},"72":{"start":{"line":289,"column":4},"end":{"line":289,"column":51}},"73":{"start":{"line":290,"column":4},"end":{"line":290,"column":72}},"74":{"start":{"line":293,"column":22},"end":{"line":293,"column":26}},"75":{"start":{"line":294,"column":25},"end":{"line":294,"column":67}},"76":{"start":{"line":296,"column":4},"end":{"line":339,"column":5}},"77":{"start":{"line":296,"column":24},"end":{"line":296,"column":25}},"78":{"start":{"line":297,"column":20},"end":{"line":297,"column":40}},"79":{"start":{"line":298,"column":18},"end":{"line":298,"column":66}},"80":{"start":{"line":299,"column":32},"end":{"line":299,"column":62}},"81":{"start":{"line":301,"column":6},"end":{"line":301,"column":113}},"82":{"start":{"line":303,"column":26},"end":{"line":323,"column":7}},"83":{"start":{"line":315,"column":42},"end":{"line":320,"column":28}},"84":{"start":{"line":325,"column":21},"end":{"line":334,"column":8}},"85":{"start":{"line":325,"column":55},"end":{"line":334,"column":7}},"86":{"start":{"line":336,"column":6},"end":{"line":336,"column":73}},"87":{"start":{"line":337,"column":18},"end":{"line":337,"column":55}},"88":{"start":{"line":338,"column":6},"end":{"line":338,"column":65}},"89":{"start":{"line":341,"column":4},"end":{"line":341,"column":58}},"90":{"start":{"line":342,"column":4},"end":{"line":342,"column":16}},"91":{"start":{"line":344,"column":4},"end":{"line":344,"column":56}},"92":{"start":{"line":345,"column":4},"end":{"line":345,"column":14}},"93":{"start":{"line":349,"column":0},"end":{"line":360,"column":2}}},"fnMap":{"0":{"name":"insertDailySummary","decl":{"start":{"line":7,"column":15},"end":{"line":7,"column":33}},"loc":{"start":{"line":7,"column":39},"end":{"line":25,"column":1}},"line":7},"1":{"name":"insertCustomDevice","decl":{"start":{"line":27,"column":15},"end":{"line":27,"column":33}},"loc":{"start":{"line":27,"column":40},"end":{"line":48,"column":1}},"line":27},"2":{"name":"insertPersonInfo","decl":{"start":{"line":50,"column":15},"end":{"line":50,"column":31}},"loc":{"start":{"line":50,"column":41},"end":{"line":71,"column":1}},"line":50},"3":{"name":"checkPersonExists","decl":{"start":{"line":73,"column":15},"end":{"line":73,"column":32}},"loc":{"start":{"line":73,"column":46},"end":{"line":77,"column":1}},"line":73},"4":{"name":"insertPerson","decl":{"start":{"line":79,"column":15},"end":{"line":79,"column":27}},"loc":{"start":{"line":86,"column":2},"end":{"line":126,"column":1}},"line":86},"5":{"name":"insertUserDevice","decl":{"start":{"line":129,"column":15},"end":{"line":129,"column":31}},"loc":{"start":{"line":129,"column":38},"end":{"line":150,"column":1}},"line":129},"6":{"name":"insertObservation","decl":{"start":{"line":153,"column":15},"end":{"line":153,"column":32}},"loc":{"start":{"line":153,"column":39},"end":{"line":197,"column":1}},"line":153},"7":{"name":"insertMultipleObservation","decl":{"start":{"line":199,"column":15},"end":{"line":199,"column":40}},"loc":{"start":{"line":199,"column":55},"end":{"line":240,"column":1}},"line":199},"8":{"name":"(anonymous_8)","decl":{"start":{"line":215,"column":25},"end":{"line":215,"column":26}},"loc":{"start":{"line":215,"column":35},"end":{"line":216,"column":83}},"line":215},"9":{"name":"(anonymous_9)","decl":{"start":{"line":216,"column":38},"end":{"line":216,"column":39}},"loc":{"start":{"line":216,"column":48},"end":{"line":216,"column":68}},"line":216},"10":{"name":"(anonymous_10)","decl":{"start":{"line":222,"column":40},"end":{"line":222,"column":41}},"loc":{"start":{"line":222,"column":47},"end":{"line":231,"column":5}},"line":222},"11":{"name":"(anonymous_11)","decl":{"start":{"line":236,"column":24},"end":{"line":236,"column":25}},"loc":{"start":{"line":236,"column":31},"end":{"line":236,"column":49}},"line":236},"12":{"name":"insertMeasurement","decl":{"start":{"line":242,"column":15},"end":{"line":242,"column":32}},"loc":{"start":{"line":242,"column":39},"end":{"line":285,"column":1}},"line":242},"13":{"name":"insertMultipleMeasurement","decl":{"start":{"line":287,"column":15},"end":{"line":287,"column":40}},"loc":{"start":{"line":287,"column":55},"end":{"line":347,"column":1}},"line":287},"14":{"name":"(anonymous_14)","decl":{"start":{"line":315,"column":32},"end":{"line":315,"column":33}},"loc":{"start":{"line":315,"column":42},"end":{"line":320,"column":28}},"line":315},"15":{"name":"(anonymous_15)","decl":{"start":{"line":325,"column":47},"end":{"line":325,"column":48}},"loc":{"start":{"line":325,"column":55},"end":{"line":334,"column":7}},"line":325}},"branchMap":{"0":{"loc":{"start":{"line":20,"column":11},"end":{"line":20,"column":51}},"type":"cond-expr","locations":[{"start":{"line":20,"column":33},"end":{"line":20,"column":44}},{"start":{"line":20,"column":47},"end":{"line":20,"column":51}}],"line":20},"1":{"loc":{"start":{"line":82,"column":2},"end":{"line":85,"column":8}},"type":"default-arg","locations":[{"start":{"line":85,"column":6},"end":{"line":85,"column":8}}],"line":82},"2":{"loc":{"start":{"line":83,"column":4},"end":{"line":83,"column":43}},"type":"default-arg","locations":[{"start":{"line":83,"column":26},"end":{"line":83,"column":43}}],"line":83},"3":{"loc":{"start":{"line":84,"column":4},"end":{"line":84,"column":41}},"type":"default-arg","locations":[{"start":{"line":84,"column":25},"end":{"line":84,"column":41}}],"line":84},"4":{"loc":{"start":{"line":88,"column":2},"end":{"line":125,"column":3}},"type":"if","locations":[{"start":{"line":88,"column":2},"end":{"line":125,"column":3}},{"start":{"line":91,"column":9},"end":{"line":125,"column":3}}],"line":88}},"s":{"0":1,"1":1,"2":1,"3":1,"4":1,"5":4,"6":4,"7":4,"8":4,"9":2,"10":2,"11":2,"12":2,"13":2,"14":2,"15":2,"16":1,"17":1,"18":2,"19":2,"20":2,"21":2,"22":1,"23":1,"24":0,"25":0,"26":0,"27":3,"28":3,"29":1,"30":1,"31":2,"32":2,"33":2,"34":2,"35":1,"36":1,"37":1,"38":1,"39":1,"40":2,"41":2,"42":2,"43":2,"44":1,"45":1,"46":3,"47":3,"48":3,"49":3,"50":3,"51":1,"52":2,"53":2,"54":2,"55":2,"56":2,"57":4,"58":80,"59":2,"60":4,"61":2,"62":1,"63":2,"64":1,"65":2,"66":2,"67":2,"68":2,"69":1,"70":1,"71":3,"72":3,"73":3,"74":3,"75":3,"76":3,"77":3,"78":3,"79":3,"80":3,"81":3,"82":3,"83":6,"84":3,"85":6,"86":3,"87":3,"88":1,"89":1,"90":1,"91":2,"92":2,"93":1},"f":{"0":4,"1":2,"2":2,"3":0,"4":3,"5":2,"6":3,"7":2,"8":4,"9":80,"10":4,"11":2,"12":2,"13":3,"14":6,"15":6},"b":{"0":[1,1],"1":[0],"2":[0],"3":[1],"4":[1,2]},"_coverageSchema":"1a1c01bbd47fc00a2c39e90264f33305004495a9","hash":"a44409c23964597d0a057bdd77487d5b95b927fe"}
,"C:\\Users\\1308l\\OneDrive\\Documentos\\INGINF\\S8\\TFG\\TFG_livelyAgeing\\backend\\models\\db.js": {"path":"C:\\Users\\1308l\\OneDrive\\Documentos\\INGINF\\S8\\TFG\\TFG_livelyAgeing\\backend\\models\\db.js","statementMap":{"0":{"start":{"line":1,"column":17},"end":{"line":1,"column":30}},"1":{"start":{"line":2,"column":13},"end":{"line":2,"column":28}},"2":{"start":{"line":3,"column":15},"end":{"line":3,"column":32}},"3":{"start":{"line":6,"column":0},"end":{"line":6,"column":72}},"4":{"start":{"line":10,"column":13},"end":{"line":17,"column":2}},"5":{"start":{"line":19,"column":0},"end":{"line":19,"column":58}},"6":{"start":{"line":21,"column":0},"end":{"line":21,"column":22}}},"fnMap":{},"branchMap":{},"s":{"0":1,"1":1,"2":1,"3":1,"4":1,"5":1,"6":1},"f":{},"b":{},"_coverageSchema":"1a1c01bbd47fc00a2c39e90264f33305004495a9","hash":"924445447e98e258fc3e42332365b87486769cec"}
}
