{"C:\\Users\\1308l\\OneDrive\\Documentos\\INGINF\\S8\\TFG\\TFG_livelyAgeing\\backend\\api\\formatData.js": {"path":"C:\\Users\\1308l\\OneDrive\\Documentos\\INGINF\\S8\\TFG\\TFG_livelyAgeing\\backend\\api\\formatData.js","statementMap":{"0":{"start":{"line":1,"column":18},"end":{"line":1,"column":54}},"1":{"start":{"line":2,"column":54},"end":{"line":2,"column":91}},"2":{"start":{"line":3,"column":63},"end":{"line":3,"column":100}},"3":{"start":{"line":4,"column":59},"end":{"line":4,"column":99}},"4":{"start":{"line":5,"column":20},"end":{"line":5,"column":61}},"5":{"start":{"line":9,"column":4},"end":{"line":9,"column":70}},"6":{"start":{"line":14,"column":4},"end":{"line":22,"column":5}},"7":{"start":{"line":15,"column":8},"end":{"line":19,"column":10}},"8":{"start":{"line":21,"column":8},"end":{"line":21,"column":21}},"9":{"start":{"line":25,"column":4},"end":{"line":35,"column":5}},"10":{"start":{"line":26,"column":8},"end":{"line":34,"column":9}},"11":{"start":{"line":27,"column":12},"end":{"line":31,"column":14}},"12":{"start":{"line":33,"column":12},"end":{"line":33,"column":33}},"13":{"start":{"line":36,"column":4},"end":{"line":36,"column":16}},"14":{"start":{"line":40,"column":4},"end":{"line":40,"column":31}},"15":{"start":{"line":41,"column":30},"end":{"line":41,"column":32}},"16":{"start":{"line":43,"column":25},"end":{"line":49,"column":5}},"17":{"start":{"line":51,"column":4},"end":{"line":57,"column":5}},"18":{"start":{"line":53,"column":8},"end":{"line":56,"column":9}},"19":{"start":{"line":54,"column":36},"end":{"line":54,"column":132}},"20":{"start":{"line":55,"column":12},"end":{"line":55,"column":54}},"21":{"start":{"line":59,"column":4},"end":{"line":59,"column":31}},"22":{"start":{"line":63,"column":4},"end":{"line":192,"column":5}},"23":{"start":{"line":65,"column":28},"end":{"line":76,"column":9}},"24":{"start":{"line":79,"column":25},"end":{"line":112,"column":9}},"25":{"start":{"line":129,"column":8},"end":{"line":131,"column":9}},"26":{"start":{"line":130,"column":12},"end":{"line":130,"column":22}},"27":{"start":{"line":133,"column":36},"end":{"line":133,"column":74}},"28":{"start":{"line":134,"column":40},"end":{"line":134,"column":85}},"29":{"start":{"line":136,"column":35},"end":{"line":141,"column":13}},"30":{"start":{"line":144,"column":26},"end":{"line":144,"column":57}},"31":{"start":{"line":147,"column":36},"end":{"line":147,"column":72}},"32":{"start":{"line":148,"column":35},"end":{"line":148,"column":62}},"33":{"start":{"line":149,"column":37},"end":{"line":149,"column":66}},"34":{"start":{"line":153,"column":12},"end":{"line":160,"column":13}},"35":{"start":{"line":154,"column":16},"end":{"line":157,"column":18}},"36":{"start":{"line":159,"column":16},"end":{"line":159,"column":25}},"37":{"start":{"line":161,"column":30},"end":{"line":161,"column":122}},"38":{"start":{"line":162,"column":31},"end":{"line":162,"column":73}},"39":{"start":{"line":164,"column":12},"end":{"line":172,"column":13}},"40":{"start":{"line":165,"column":16},"end":{"line":169,"column":18}},"41":{"start":{"line":171,"column":16},"end":{"line":171,"column":25}},"42":{"start":{"line":174,"column":31},"end":{"line":179,"column":13}},"43":{"start":{"line":181,"column":40},"end":{"line":181,"column":94}},"44":{"start":{"line":183,"column":12},"end":{"line":186,"column":13}},"45":{"start":{"line":185,"column":16},"end":{"line":185,"column":77}},"46":{"start":{"line":190,"column":8},"end":{"line":190,"column":61}},"47":{"start":{"line":191,"column":8},"end":{"line":191,"column":20}},"48":{"start":{"line":195,"column":0},"end":{"line":197,"column":2}}},"fnMap":{"0":{"name":"logConceptError","decl":{"start":{"line":8,"column":15},"end":{"line":8,"column":30}},"loc":{"start":{"line":8,"column":57},"end":{"line":10,"column":1}},"line":8},"1":{"name":"checkConcepts","decl":{"start":{"line":12,"column":15},"end":{"line":12,"column":28}},"loc":{"start":{"line":12,"column":39},"end":{"line":37,"column":1}},"line":12},"2":{"name":"generateMeasurementSummary","decl":{"start":{"line":39,"column":9},"end":{"line":39,"column":35}},"loc":{"start":{"line":39,"column":63},"end":{"line":60,"column":1}},"line":39},"3":{"name":"formatActivityData","decl":{"start":{"line":62,"column":15},"end":{"line":62,"column":33}},"loc":{"start":{"line":62,"column":48},"end":{"line":193,"column":1}},"line":62}},"branchMap":{"0":{"loc":{"start":{"line":14,"column":4},"end":{"line":22,"column":5}},"type":"if","locations":[{"start":{"line":14,"column":4},"end":{"line":22,"column":5}},{"start":{},"end":{}}],"line":14},"1":{"loc":{"start":{"line":26,"column":8},"end":{"line":34,"column":9}},"type":"if","locations":[{"start":{"line":26,"column":8},"end":{"line":34,"column":9}},{"start":{},"end":{}}],"line":26},"2":{"loc":{"start":{"line":26,"column":12},"end":{"line":26,"column":44}},"type":"binary-expr","locations":[{"start":{"line":26,"column":12},"end":{"line":26,"column":30}},{"start":{"line":26,"column":35},"end":{"line":26,"column":42}}],"line":26},"3":{"loc":{"start":{"line":28,"column":16},"end":{"line":28,"column":99}},"type":"binary-expr","locations":[{"start":{"line":28,"column":16},"end":{"line":28,"column":56}},{"start":{"line":28,"column":60},"end":{"line":28,"column":99}}],"line":28},"4":{"loc":{"start":{"line":53,"column":8},"end":{"line":56,"column":9}},"type":"if","locations":[{"start":{"line":53,"column":8},"end":{"line":56,"column":9}},{"start":{},"end":{}}],"line":53},"5":{"loc":{"start":{"line":129,"column":8},"end":{"line":131,"column":9}},"type":"if","locations":[{"start":{"line":129,"column":8},"end":{"line":131,"column":9}},{"start":{},"end":{}}],"line":129},"6":{"loc":{"start":{"line":153,"column":12},"end":{"line":160,"column":13}},"type":"if","locations":[{"start":{"line":153,"column":12},"end":{"line":160,"column":13}},{"start":{},"end":{}}],"line":153},"7":{"loc":{"start":{"line":153,"column":16},"end":{"line":153,"column":52}},"type":"binary-expr","locations":[{"start":{"line":153,"column":16},"end":{"line":153,"column":31}},{"start":{"line":153,"column":35},"end":{"line":153,"column":52}}],"line":153},"8":{"loc":{"start":{"line":164,"column":12},"end":{"line":172,"column":13}},"type":"if","locations":[{"start":{"line":164,"column":12},"end":{"line":172,"column":13}},{"start":{},"end":{}}],"line":164},"9":{"loc":{"start":{"line":183,"column":12},"end":{"line":186,"column":13}},"type":"if","locations":[{"start":{"line":183,"column":12},"end":{"line":186,"column":13}},{"start":{},"end":{}}],"line":183}},"s":{"0":1,"1":1,"2":1,"3":1,"4":1,"5":1,"6":1,"7":1,"8":1,"9":0,"10":0,"11":0,"12":0,"13":0,"14":0,"15":0,"16":0,"17":0,"18":0,"19":0,"20":0,"21":0,"22":1,"23":1,"24":1,"25":1,"26":1,"27":0,"28":0,"29":0,"30":0,"31":0,"32":0,"33":0,"34":0,"35":0,"36":0,"37":0,"38":0,"39":0,"40":0,"41":0,"42":0,"43":0,"44":0,"45":0,"46":0,"47":0,"48":1},"f":{"0":1,"1":1,"2":0,"3":1},"b":{"0":[1,0],"1":[0,0],"2":[0,0],"3":[0,0],"4":[0,0],"5":[1,0],"6":[0,0],"7":[0,0],"8":[0,0],"9":[0,0]},"_coverageSchema":"1a1c01bbd47fc00a2c39e90264f33305004495a9","hash":"35e2dd4c417cf23d5f92d4dec9d4be38990173a2"}
,"C:\\Users\\1308l\\OneDrive\\Documentos\\INGINF\\S8\\TFG\\TFG_livelyAgeing\\backend\\getDBinfo\\constants.js": {"path":"C:\\Users\\1308l\\OneDrive\\Documentos\\INGINF\\S8\\TFG\\TFG_livelyAgeing\\backend\\getDBinfo\\constants.js","statementMap":{"0":{"start":{"line":4,"column":0},"end":{"line":105,"column":2}},"1":{"start":{"line":14,"column":38},"end":{"line":14,"column":96}},"2":{"start":{"line":15,"column":48},"end":{"line":15,"column":117}},"3":{"start":{"line":16,"column":49},"end":{"line":16,"column":118}},"4":{"start":{"line":17,"column":46},"end":{"line":17,"column":112}},"5":{"start":{"line":18,"column":39},"end":{"line":18,"column":98}}},"fnMap":{"0":{"name":"(anonymous_0)","decl":{"start":{"line":14,"column":26},"end":{"line":14,"column":27}},"loc":{"start":{"line":14,"column":38},"end":{"line":14,"column":96}},"line":14},"1":{"name":"(anonymous_1)","decl":{"start":{"line":15,"column":36},"end":{"line":15,"column":37}},"loc":{"start":{"line":15,"column":48},"end":{"line":15,"column":117}},"line":15},"2":{"name":"(anonymous_2)","decl":{"start":{"line":16,"column":37},"end":{"line":16,"column":38}},"loc":{"start":{"line":16,"column":49},"end":{"line":16,"column":118}},"line":16},"3":{"name":"(anonymous_3)","decl":{"start":{"line":17,"column":34},"end":{"line":17,"column":35}},"loc":{"start":{"line":17,"column":46},"end":{"line":17,"column":112}},"line":17},"4":{"name":"(anonymous_4)","decl":{"start":{"line":18,"column":27},"end":{"line":18,"column":28}},"loc":{"start":{"line":18,"column":39},"end":{"line":18,"column":98}},"line":18}},"branchMap":{},"s":{"0":3,"1":0,"2":0,"3":0,"4":0,"5":0},"f":{"0":0,"1":0,"2":0,"3":0,"4":0},"b":{},"_coverageSchema":"1a1c01bbd47fc00a2c39e90264f33305004495a9","hash":"6620b2d8ababcce3b632fc87bc13d4fa8174de71"}
,"C:\\Users\\1308l\\OneDrive\\Documentos\\INGINF\\S8\\TFG\\TFG_livelyAgeing\\backend\\getDBinfo\\getConcept.js": {"path":"C:\\Users\\1308l\\OneDrive\\Documentos\\INGINF\\S8\\TFG\\TFG_livelyAgeing\\backend\\getDBinfo\\getConcept.js","statementMap":{"0":{"start":{"line":1,"column":16},"end":{"line":1,"column":34}},"1":{"start":{"line":2,"column":13},"end":{"line":2,"column":28}},"2":{"start":{"line":3,"column":13},"end":{"line":3,"column":36}},"3":{"start":{"line":4,"column":12},"end":{"line":4,"column":21}},"4":{"start":{"line":5,"column":0},"end":{"line":5,"column":24}},"5":{"start":{"line":12,"column":4},"end":{"line":32,"column":7}},"6":{"start":{"line":13,"column":22},"end":{"line":18,"column":9}},"7":{"start":{"line":20,"column":23},"end":{"line":20,"column":61}},"8":{"start":{"line":22,"column":8},"end":{"line":28,"column":9}},"9":{"start":{"line":24,"column":10},"end":{"line":24,"column":32}},"10":{"start":{"line":26,"column":10},"end":{"line":26,"column":53}},"11":{"start":{"line":27,"column":10},"end":{"line":27,"column":22}},"12":{"start":{"line":30,"column":8},"end":{"line":30,"column":63}},"13":{"start":{"line":31,"column":8},"end":{"line":31,"column":20}},"14":{"start":{"line":36,"column":4},"end":{"line":54,"column":5}},"15":{"start":{"line":37,"column":22},"end":{"line":42,"column":9}},"16":{"start":{"line":44,"column":23},"end":{"line":44,"column":61}},"17":{"start":{"line":46,"column":8},"end":{"line":50,"column":9}},"18":{"start":{"line":47,"column":12},"end":{"line":47,"column":34}},"19":{"start":{"line":49,"column":12},"end":{"line":49,"column":24}},"20":{"start":{"line":52,"column":8},"end":{"line":52,"column":63}},"21":{"start":{"line":53,"column":8},"end":{"line":53,"column":20}},"22":{"start":{"line":58,"column":2},"end":{"line":75,"column":3}},"23":{"start":{"line":59,"column":20},"end":{"line":64,"column":7}},"24":{"start":{"line":66,"column":21},"end":{"line":66,"column":59}},"25":{"start":{"line":67,"column":6},"end":{"line":71,"column":7}},"26":{"start":{"line":68,"column":10},"end":{"line":68,"column":32}},"27":{"start":{"line":70,"column":10},"end":{"line":70,"column":22}},"28":{"start":{"line":73,"column":6},"end":{"line":73,"column":61}},"29":{"start":{"line":74,"column":6},"end":{"line":74,"column":18}},"30":{"start":{"line":79,"column":2},"end":{"line":97,"column":3}},"31":{"start":{"line":80,"column":18},"end":{"line":85,"column":5}},"32":{"start":{"line":87,"column":19},"end":{"line":87,"column":57}},"33":{"start":{"line":89,"column":4},"end":{"line":93,"column":5}},"34":{"start":{"line":90,"column":6},"end":{"line":90,"column":28}},"35":{"start":{"line":92,"column":6},"end":{"line":92,"column":18}},"36":{"start":{"line":95,"column":4},"end":{"line":95,"column":59}},"37":{"start":{"line":96,"column":4},"end":{"line":96,"column":16}},"38":{"start":{"line":101,"column":2},"end":{"line":119,"column":3}},"39":{"start":{"line":102,"column":18},"end":{"line":107,"column":5}},"40":{"start":{"line":109,"column":19},"end":{"line":109,"column":57}},"41":{"start":{"line":111,"column":4},"end":{"line":115,"column":5}},"42":{"start":{"line":112,"column":6},"end":{"line":112,"column":25}},"43":{"start":{"line":114,"column":6},"end":{"line":114,"column":18}},"44":{"start":{"line":117,"column":4},"end":{"line":117,"column":59}},"45":{"start":{"line":118,"column":4},"end":{"line":118,"column":16}},"46":{"start":{"line":123,"column":0},"end":{"line":128,"column":2}}},"fnMap":{"0":{"name":"getConceptInfoMeasValue","decl":{"start":{"line":11,"column":15},"end":{"line":11,"column":38}},"loc":{"start":{"line":11,"column":52},"end":{"line":33,"column":1}},"line":11},"1":{"name":"getConceptInfoObservation","decl":{"start":{"line":35,"column":15},"end":{"line":35,"column":40}},"loc":{"start":{"line":35,"column":55},"end":{"line":55,"column":1}},"line":35},"2":{"name":"getConceptInfoMeasurement","decl":{"start":{"line":57,"column":15},"end":{"line":57,"column":40}},"loc":{"start":{"line":57,"column":55},"end":{"line":76,"column":1}},"line":57},"3":{"name":"getConceptUnit","decl":{"start":{"line":78,"column":15},"end":{"line":78,"column":29}},"loc":{"start":{"line":78,"column":44},"end":{"line":98,"column":1}},"line":78},"4":{"name":"getConceptBiobank","decl":{"start":{"line":100,"column":15},"end":{"line":100,"column":32}},"loc":{"start":{"line":100,"column":47},"end":{"line":120,"column":1}},"line":100}},"branchMap":{"0":{"loc":{"start":{"line":22,"column":8},"end":{"line":28,"column":9}},"type":"if","locations":[{"start":{"line":22,"column":8},"end":{"line":28,"column":9}},{"start":{"line":25,"column":15},"end":{"line":28,"column":9}}],"line":22},"1":{"loc":{"start":{"line":46,"column":8},"end":{"line":50,"column":9}},"type":"if","locations":[{"start":{"line":46,"column":8},"end":{"line":50,"column":9}},{"start":{"line":48,"column":15},"end":{"line":50,"column":9}}],"line":46},"2":{"loc":{"start":{"line":67,"column":6},"end":{"line":71,"column":7}},"type":"if","locations":[{"start":{"line":67,"column":6},"end":{"line":71,"column":7}},{"start":{"line":69,"column":13},"end":{"line":71,"column":7}}],"line":67},"3":{"loc":{"start":{"line":89,"column":4},"end":{"line":93,"column":5}},"type":"if","locations":[{"start":{"line":89,"column":4},"end":{"line":93,"column":5}},{"start":{"line":91,"column":11},"end":{"line":93,"column":5}}],"line":89},"4":{"loc":{"start":{"line":111,"column":4},"end":{"line":115,"column":5}},"type":"if","locations":[{"start":{"line":111,"column":4},"end":{"line":115,"column":5}},{"start":{"line":113,"column":11},"end":{"line":115,"column":5}}],"line":111}},"s":{"0":2,"1":2,"2":2,"3":2,"4":2,"5":0,"6":0,"7":0,"8":0,"9":0,"10":0,"11":0,"12":0,"13":0,"14":0,"15":0,"16":0,"17":0,"18":0,"19":0,"20":0,"21":0,"22":0,"23":0,"24":0,"25":0,"26":0,"27":0,"28":0,"29":0,"30":0,"31":0,"32":0,"33":0,"34":0,"35":0,"36":0,"37":0,"38":0,"39":0,"40":0,"41":0,"42":0,"43":0,"44":0,"45":0,"46":2},"f":{"0":0,"1":0,"2":0,"3":0,"4":0},"b":{"0":[0,0],"1":[0,0],"2":[0,0],"3":[0,0],"4":[0,0]},"_coverageSchema":"1a1c01bbd47fc00a2c39e90264f33305004495a9","hash":"2bf50f1a8c0c778b63353430c395d54cb937c8d1"}
,"C:\\Users\\1308l\\OneDrive\\Documentos\\INGINF\\S8\\TFG\\TFG_livelyAgeing\\backend\\getDBinfo\\getUserId.js": {"path":"C:\\Users\\1308l\\OneDrive\\Documentos\\INGINF\\S8\\TFG\\TFG_livelyAgeing\\backend\\getDBinfo\\getUserId.js","statementMap":{"0":{"start":{"line":1,"column":16},"end":{"line":1,"column":34}},"1":{"start":{"line":2,"column":13},"end":{"line":2,"column":28}},"2":{"start":{"line":3,"column":13},"end":{"line":3,"column":36}},"3":{"start":{"line":4,"column":12},"end":{"line":4,"column":21}},"4":{"start":{"line":5,"column":0},"end":{"line":5,"column":24}},"5":{"start":{"line":12,"column":4},"end":{"line":40,"column":7}},"6":{"start":{"line":13,"column":22},"end":{"line":20,"column":9}},"7":{"start":{"line":22,"column":23},"end":{"line":22,"column":56}},"8":{"start":{"line":24,"column":8},"end":{"line":36,"column":9}},"9":{"start":{"line":25,"column":31},"end":{"line":25,"column":60}},"10":{"start":{"line":26,"column":25},"end":{"line":26,"column":47}},"11":{"start":{"line":27,"column":31},"end":{"line":27,"column":60}},"12":{"start":{"line":29,"column":10},"end":{"line":29,"column":59}},"13":{"start":{"line":30,"column":10},"end":{"line":30,"column":62}},"14":{"start":{"line":32,"column":10},"end":{"line":32,"column":57}},"15":{"start":{"line":34,"column":10},"end":{"line":34,"column":56}},"16":{"start":{"line":35,"column":10},"end":{"line":35,"column":22}},"17":{"start":{"line":38,"column":8},"end":{"line":38,"column":63}},"18":{"start":{"line":39,"column":8},"end":{"line":39,"column":20}},"19":{"start":{"line":44,"column":18},"end":{"line":48,"column":5}},"20":{"start":{"line":49,"column":19},"end":{"line":49,"column":53}},"21":{"start":{"line":50,"column":4},"end":{"line":50,"column":40}},"22":{"start":{"line":54,"column":2},"end":{"line":79,"column":5}},"23":{"start":{"line":55,"column":20},"end":{"line":62,"column":7}},"24":{"start":{"line":64,"column":21},"end":{"line":64,"column":54}},"25":{"start":{"line":66,"column":6},"end":{"line":75,"column":7}},"26":{"start":{"line":67,"column":25},"end":{"line":67,"column":49}},"27":{"start":{"line":69,"column":8},"end":{"line":69,"column":53}},"28":{"start":{"line":71,"column":8},"end":{"line":71,"column":24}},"29":{"start":{"line":73,"column":8},"end":{"line":73,"column":54}},"30":{"start":{"line":74,"column":8},"end":{"line":74,"column":20}},"31":{"start":{"line":77,"column":6},"end":{"line":77,"column":61}},"32":{"start":{"line":78,"column":6},"end":{"line":78,"column":18}},"33":{"start":{"line":83,"column":18},"end":{"line":87,"column":5}},"34":{"start":{"line":88,"column":4},"end":{"line":88,"column":44}},"35":{"start":{"line":89,"column":4},"end":{"line":89,"column":73}},"36":{"start":{"line":90,"column":4},"end":{"line":90,"column":16}},"37":{"start":{"line":95,"column":2},"end":{"line":95,"column":26}},"38":{"start":{"line":96,"column":18},"end":{"line":98,"column":5}},"39":{"start":{"line":99,"column":19},"end":{"line":99,"column":42}},"40":{"start":{"line":100,"column":4},"end":{"line":100,"column":39}},"41":{"start":{"line":101,"column":4},"end":{"line":101,"column":23}},"42":{"start":{"line":105,"column":18},"end":{"line":107,"column":5}},"43":{"start":{"line":108,"column":19},"end":{"line":108,"column":42}},"44":{"start":{"line":109,"column":4},"end":{"line":109,"column":23}},"45":{"start":{"line":113,"column":18},"end":{"line":115,"column":5}},"46":{"start":{"line":116,"column":19},"end":{"line":116,"column":42}},"47":{"start":{"line":117,"column":4},"end":{"line":117,"column":23}},"48":{"start":{"line":121,"column":16},"end":{"line":129,"column":3}},"49":{"start":{"line":130,"column":17},"end":{"line":130,"column":40}},"50":{"start":{"line":131,"column":2},"end":{"line":131,"column":21}},"51":{"start":{"line":135,"column":16},"end":{"line":139,"column":3}},"52":{"start":{"line":140,"column":17},"end":{"line":140,"column":40}},"53":{"start":{"line":141,"column":2},"end":{"line":141,"column":21}},"54":{"start":{"line":145,"column":16},"end":{"line":148,"column":3}},"55":{"start":{"line":149,"column":17},"end":{"line":149,"column":50}},"56":{"start":{"line":150,"column":2},"end":{"line":158,"column":3}},"57":{"start":{"line":151,"column":4},"end":{"line":154,"column":6}},"58":{"start":{"line":156,"column":4},"end":{"line":156,"column":77}},"59":{"start":{"line":157,"column":4},"end":{"line":157,"column":16}},"60":{"start":{"line":162,"column":16},"end":{"line":171,"column":3}},"61":{"start":{"line":172,"column":17},"end":{"line":172,"column":50}},"62":{"start":{"line":174,"column":2},"end":{"line":178,"column":4}},"63":{"start":{"line":181,"column":0},"end":{"line":192,"column":2}}},"fnMap":{"0":{"name":"getUserDeviceInfo","decl":{"start":{"line":11,"column":15},"end":{"line":11,"column":32}},"loc":{"start":{"line":11,"column":41},"end":{"line":41,"column":1}},"line":11},"1":{"name":"getUserAge","decl":{"start":{"line":43,"column":15},"end":{"line":43,"column":25}},"loc":{"start":{"line":43,"column":35},"end":{"line":51,"column":1}},"line":43},"2":{"name":"getDeviceInfo","decl":{"start":{"line":53,"column":15},"end":{"line":53,"column":28}},"loc":{"start":{"line":53,"column":37},"end":{"line":80,"column":1}},"line":53},"3":{"name":"updateLastSyncUserDevice","decl":{"start":{"line":82,"column":15},"end":{"line":82,"column":39}},"loc":{"start":{"line":82,"column":54},"end":{"line":91,"column":1}},"line":82},"4":{"name":"getUsers","decl":{"start":{"line":94,"column":15},"end":{"line":94,"column":23}},"loc":{"start":{"line":94,"column":26},"end":{"line":102,"column":1}},"line":94},"5":{"name":"getDevices","decl":{"start":{"line":104,"column":15},"end":{"line":104,"column":25}},"loc":{"start":{"line":104,"column":28},"end":{"line":110,"column":1}},"line":104},"6":{"name":"getUserInfo","decl":{"start":{"line":112,"column":15},"end":{"line":112,"column":26}},"loc":{"start":{"line":112,"column":29},"end":{"line":118,"column":1}},"line":112},"7":{"name":"getUserModel","decl":{"start":{"line":120,"column":15},"end":{"line":120,"column":27}},"loc":{"start":{"line":120,"column":29},"end":{"line":132,"column":1}},"line":120},"8":{"name":"getAllAccessTokens","decl":{"start":{"line":134,"column":15},"end":{"line":134,"column":33}},"loc":{"start":{"line":134,"column":36},"end":{"line":142,"column":1}},"line":134},"9":{"name":"getTokensFromDB","decl":{"start":{"line":144,"column":15},"end":{"line":144,"column":30}},"loc":{"start":{"line":144,"column":39},"end":{"line":159,"column":1}},"line":144},"10":{"name":"getInfoUserDeviceFromUserId","decl":{"start":{"line":161,"column":15},"end":{"line":161,"column":42}},"loc":{"start":{"line":161,"column":50},"end":{"line":179,"column":1}},"line":161}},"branchMap":{"0":{"loc":{"start":{"line":24,"column":8},"end":{"line":36,"column":9}},"type":"if","locations":[{"start":{"line":24,"column":8},"end":{"line":36,"column":9}},{"start":{"line":33,"column":15},"end":{"line":36,"column":9}}],"line":24},"1":{"loc":{"start":{"line":66,"column":6},"end":{"line":75,"column":7}},"type":"if","locations":[{"start":{"line":66,"column":6},"end":{"line":75,"column":7}},{"start":{"line":72,"column":13},"end":{"line":75,"column":7}}],"line":66},"2":{"loc":{"start":{"line":150,"column":2},"end":{"line":158,"column":3}},"type":"if","locations":[{"start":{"line":150,"column":2},"end":{"line":158,"column":3}},{"start":{"line":155,"column":9},"end":{"line":158,"column":3}}],"line":150}},"s":{"0":2,"1":2,"2":2,"3":2,"4":2,"5":0,"6":0,"7":0,"8":0,"9":0,"10":0,"11":0,"12":0,"13":0,"14":0,"15":0,"16":0,"17":0,"18":0,"19":0,"20":0,"21":0,"22":0,"23":0,"24":0,"25":0,"26":0,"27":0,"28":0,"29":0,"30":0,"31":0,"32":0,"33":0,"34":0,"35":0,"36":0,"37":0,"38":0,"39":0,"40":0,"41":0,"42":0,"43":0,"44":0,"45":0,"46":0,"47":0,"48":0,"49":0,"50":0,"51":0,"52":0,"53":0,"54":0,"55":0,"56":0,"57":0,"58":0,"59":0,"60":0,"61":0,"62":0,"63":2},"f":{"0":0,"1":0,"2":0,"3":0,"4":0,"5":0,"6":0,"7":0,"8":0,"9":0,"10":0},"b":{"0":[0,0],"1":[0,0],"2":[0,0]},"_coverageSchema":"1a1c01bbd47fc00a2c39e90264f33305004495a9","hash":"230980e863218238d1d208393bf67ec9576f548e"}
,"C:\\Users\\1308l\\OneDrive\\Documentos\\INGINF\\S8\\TFG\\TFG_livelyAgeing\\backend\\getDBinfo\\inserts.js": {"path":"C:\\Users\\1308l\\OneDrive\\Documentos\\INGINF\\S8\\TFG\\TFG_livelyAgeing\\backend\\getDBinfo\\inserts.js","statementMap":{"0":{"start":{"line":1,"column":16},"end":{"line":1,"column":34}},"1":{"start":{"line":2,"column":13},"end":{"line":2,"column":28}},"2":{"start":{"line":3,"column":13},"end":{"line":3,"column":36}},"3":{"start":{"line":4,"column":12},"end":{"line":4,"column":21}},"4":{"start":{"line":5,"column":0},"end":{"line":5,"column":24}},"5":{"start":{"line":8,"column":2},"end":{"line":26,"column":3}},"6":{"start":{"line":9,"column":24},"end":{"line":16,"column":5}},"7":{"start":{"line":17,"column":19},"end":{"line":20,"column":5}},"8":{"start":{"line":21,"column":16},"end":{"line":21,"column":53}},"9":{"start":{"line":22,"column":4},"end":{"line":22,"column":40}},"10":{"start":{"line":24,"column":4},"end":{"line":24,"column":57}},"11":{"start":{"line":25,"column":4},"end":{"line":25,"column":14}},"12":{"start":{"line":30,"column":2},"end":{"line":49,"column":3}},"13":{"start":{"line":31,"column":24},"end":{"line":39,"column":5}},"14":{"start":{"line":41,"column":19},"end":{"line":43,"column":5}},"15":{"start":{"line":45,"column":16},"end":{"line":45,"column":53}},"16":{"start":{"line":46,"column":4},"end":{"line":46,"column":33}},"17":{"start":{"line":48,"column":4},"end":{"line":48,"column":50}},"18":{"start":{"line":53,"column":2},"end":{"line":72,"column":3}},"19":{"start":{"line":54,"column":24},"end":{"line":62,"column":5}},"20":{"start":{"line":64,"column":19},"end":{"line":66,"column":5}},"21":{"start":{"line":68,"column":16},"end":{"line":68,"column":53}},"22":{"start":{"line":69,"column":4},"end":{"line":69,"column":33}},"23":{"start":{"line":71,"column":4},"end":{"line":71,"column":55}},"24":{"start":{"line":76,"column":16},"end":{"line":76,"column":81}},"25":{"start":{"line":77,"column":14},"end":{"line":77,"column":52}},"26":{"start":{"line":78,"column":2},"end":{"line":78,"column":73}},"27":{"start":{"line":82,"column":23},"end":{"line":82,"column":97}},"28":{"start":{"line":83,"column":2},"end":{"line":120,"column":3}},"29":{"start":{"line":84,"column":4},"end":{"line":84,"column":41}},"30":{"start":{"line":85,"column":4},"end":{"line":85,"column":34}},"31":{"start":{"line":87,"column":4},"end":{"line":119,"column":5}},"32":{"start":{"line":88,"column":26},"end":{"line":100,"column":7}},"33":{"start":{"line":102,"column":21},"end":{"line":109,"column":7}},"34":{"start":{"line":111,"column":18},"end":{"line":111,"column":55}},"35":{"start":{"line":113,"column":23},"end":{"line":113,"column":44}},"36":{"start":{"line":114,"column":6},"end":{"line":114,"column":59}},"37":{"start":{"line":115,"column":6},"end":{"line":115,"column":58}},"38":{"start":{"line":116,"column":6},"end":{"line":116,"column":22}},"39":{"start":{"line":118,"column":6},"end":{"line":118,"column":52}},"40":{"start":{"line":125,"column":2},"end":{"line":144,"column":3}},"41":{"start":{"line":126,"column":24},"end":{"line":134,"column":5}},"42":{"start":{"line":136,"column":19},"end":{"line":138,"column":5}},"43":{"start":{"line":140,"column":16},"end":{"line":140,"column":53}},"44":{"start":{"line":141,"column":4},"end":{"line":141,"column":38}},"45":{"start":{"line":143,"column":4},"end":{"line":143,"column":55}},"46":{"start":{"line":149,"column":2},"end":{"line":190,"column":3}},"47":{"start":{"line":151,"column":24},"end":{"line":167,"column":5}},"48":{"start":{"line":168,"column":4},"end":{"line":168,"column":41}},"49":{"start":{"line":170,"column":19},"end":{"line":179,"column":5}},"50":{"start":{"line":183,"column":16},"end":{"line":183,"column":53}},"51":{"start":{"line":186,"column":4},"end":{"line":186,"column":38}},"52":{"start":{"line":188,"column":4},"end":{"line":188,"column":55}},"53":{"start":{"line":189,"column":4},"end":{"line":189,"column":14}},"54":{"start":{"line":195,"column":2},"end":{"line":232,"column":3}},"55":{"start":{"line":196,"column":4},"end":{"line":196,"column":51}},"56":{"start":{"line":197,"column":24},"end":{"line":212,"column":7}},"57":{"start":{"line":209,"column":35},"end":{"line":210,"column":83}},"58":{"start":{"line":210,"column":48},"end":{"line":210,"column":68}},"59":{"start":{"line":215,"column":19},"end":{"line":224,"column":6}},"60":{"start":{"line":215,"column":47},"end":{"line":224,"column":5}},"61":{"start":{"line":227,"column":16},"end":{"line":227,"column":53}},"62":{"start":{"line":229,"column":4},"end":{"line":229,"column":51}},"63":{"start":{"line":229,"column":31},"end":{"line":229,"column":49}},"64":{"start":{"line":231,"column":4},"end":{"line":231,"column":56}},"65":{"start":{"line":237,"column":2},"end":{"line":276,"column":3}},"66":{"start":{"line":239,"column":24},"end":{"line":255,"column":5}},"67":{"start":{"line":258,"column":19},"end":{"line":267,"column":5}},"68":{"start":{"line":270,"column":16},"end":{"line":270,"column":53}},"69":{"start":{"line":273,"column":4},"end":{"line":273,"column":38}},"70":{"start":{"line":275,"column":4},"end":{"line":275,"column":55}},"71":{"start":{"line":280,"column":2},"end":{"line":337,"column":3}},"72":{"start":{"line":281,"column":4},"end":{"line":281,"column":51}},"73":{"start":{"line":282,"column":4},"end":{"line":282,"column":72}},"74":{"start":{"line":285,"column":22},"end":{"line":285,"column":26}},"75":{"start":{"line":286,"column":25},"end":{"line":286,"column":67}},"76":{"start":{"line":288,"column":4},"end":{"line":330,"column":5}},"77":{"start":{"line":288,"column":24},"end":{"line":288,"column":25}},"78":{"start":{"line":289,"column":20},"end":{"line":289,"column":40}},"79":{"start":{"line":290,"column":18},"end":{"line":290,"column":66}},"80":{"start":{"line":291,"column":32},"end":{"line":291,"column":62}},"81":{"start":{"line":293,"column":6},"end":{"line":293,"column":113}},"82":{"start":{"line":295,"column":26},"end":{"line":314,"column":7}},"83":{"start":{"line":307,"column":42},"end":{"line":312,"column":28}},"84":{"start":{"line":316,"column":21},"end":{"line":325,"column":8}},"85":{"start":{"line":316,"column":55},"end":{"line":325,"column":7}},"86":{"start":{"line":327,"column":6},"end":{"line":327,"column":73}},"87":{"start":{"line":328,"column":18},"end":{"line":328,"column":55}},"88":{"start":{"line":329,"column":6},"end":{"line":329,"column":65}},"89":{"start":{"line":332,"column":4},"end":{"line":332,"column":58}},"90":{"start":{"line":333,"column":4},"end":{"line":333,"column":16}},"91":{"start":{"line":335,"column":4},"end":{"line":335,"column":56}},"92":{"start":{"line":336,"column":4},"end":{"line":336,"column":14}},"93":{"start":{"line":340,"column":0},"end":{"line":350,"column":2}}},"fnMap":{"0":{"name":"insertDailySummary","decl":{"start":{"line":7,"column":15},"end":{"line":7,"column":33}},"loc":{"start":{"line":7,"column":39},"end":{"line":27,"column":1}},"line":7},"1":{"name":"insertCustomDevice","decl":{"start":{"line":29,"column":15},"end":{"line":29,"column":33}},"loc":{"start":{"line":29,"column":40},"end":{"line":50,"column":1}},"line":29},"2":{"name":"insertPersonInfo","decl":{"start":{"line":52,"column":15},"end":{"line":52,"column":31}},"loc":{"start":{"line":52,"column":41},"end":{"line":73,"column":1}},"line":52},"3":{"name":"checkPersonExists","decl":{"start":{"line":75,"column":15},"end":{"line":75,"column":32}},"loc":{"start":{"line":75,"column":46},"end":{"line":79,"column":1}},"line":75},"4":{"name":"insertPerson","decl":{"start":{"line":81,"column":15},"end":{"line":81,"column":27}},"loc":{"start":{"line":81,"column":70},"end":{"line":121,"column":1}},"line":81},"5":{"name":"insertUserDevice","decl":{"start":{"line":124,"column":15},"end":{"line":124,"column":31}},"loc":{"start":{"line":124,"column":38},"end":{"line":145,"column":1}},"line":124},"6":{"name":"insertObservation","decl":{"start":{"line":148,"column":15},"end":{"line":148,"column":32}},"loc":{"start":{"line":148,"column":39},"end":{"line":191,"column":1}},"line":148},"7":{"name":"insertMultipleObservation","decl":{"start":{"line":193,"column":15},"end":{"line":193,"column":40}},"loc":{"start":{"line":193,"column":55},"end":{"line":233,"column":1}},"line":193},"8":{"name":"(anonymous_8)","decl":{"start":{"line":209,"column":25},"end":{"line":209,"column":26}},"loc":{"start":{"line":209,"column":35},"end":{"line":210,"column":83}},"line":209},"9":{"name":"(anonymous_9)","decl":{"start":{"line":210,"column":38},"end":{"line":210,"column":39}},"loc":{"start":{"line":210,"column":48},"end":{"line":210,"column":68}},"line":210},"10":{"name":"(anonymous_10)","decl":{"start":{"line":215,"column":40},"end":{"line":215,"column":41}},"loc":{"start":{"line":215,"column":47},"end":{"line":224,"column":5}},"line":215},"11":{"name":"(anonymous_11)","decl":{"start":{"line":229,"column":24},"end":{"line":229,"column":25}},"loc":{"start":{"line":229,"column":31},"end":{"line":229,"column":49}},"line":229},"12":{"name":"insertMeasurement","decl":{"start":{"line":235,"column":15},"end":{"line":235,"column":32}},"loc":{"start":{"line":235,"column":39},"end":{"line":277,"column":1}},"line":235},"13":{"name":"insertMultipleMeasurement","decl":{"start":{"line":279,"column":15},"end":{"line":279,"column":40}},"loc":{"start":{"line":279,"column":55},"end":{"line":338,"column":1}},"line":279},"14":{"name":"(anonymous_14)","decl":{"start":{"line":307,"column":32},"end":{"line":307,"column":33}},"loc":{"start":{"line":307,"column":42},"end":{"line":312,"column":28}},"line":307},"15":{"name":"(anonymous_15)","decl":{"start":{"line":316,"column":47},"end":{"line":316,"column":48}},"loc":{"start":{"line":316,"column":55},"end":{"line":325,"column":7}},"line":316}},"branchMap":{"0":{"loc":{"start":{"line":83,"column":2},"end":{"line":120,"column":3}},"type":"if","locations":[{"start":{"line":83,"column":2},"end":{"line":120,"column":3}},{"start":{"line":86,"column":7},"end":{"line":120,"column":3}}],"line":83}},"s":{"0":2,"1":2,"2":2,"3":2,"4":2,"5":0,"6":0,"7":0,"8":0,"9":0,"10":0,"11":0,"12":0,"13":0,"14":0,"15":0,"16":0,"17":0,"18":0,"19":0,"20":0,"21":0,"22":0,"23":0,"24":0,"25":0,"26":0,"27":0,"28":0,"29":0,"30":0,"31":0,"32":0,"33":0,"34":0,"35":0,"36":0,"37":0,"38":0,"39":0,"40":0,"41":0,"42":0,"43":0,"44":0,"45":0,"46":0,"47":0,"48":0,"49":0,"50":0,"51":0,"52":0,"53":0,"54":0,"55":0,"56":0,"57":0,"58":0,"59":0,"60":0,"61":0,"62":0,"63":0,"64":0,"65":0,"66":0,"67":0,"68":0,"69":0,"70":0,"71":0,"72":0,"73":0,"74":0,"75":0,"76":0,"77":0,"78":0,"79":0,"80":0,"81":0,"82":0,"83":0,"84":0,"85":0,"86":0,"87":0,"88":0,"89":0,"90":0,"91":0,"92":0,"93":2},"f":{"0":0,"1":0,"2":0,"3":0,"4":0,"5":0,"6":0,"7":0,"8":0,"9":0,"10":0,"11":0,"12":0,"13":0,"14":0,"15":0},"b":{"0":[0,0]},"_coverageSchema":"1a1c01bbd47fc00a2c39e90264f33305004495a9","hash":"89d3af02f59fbb02c47a6b25a1f0f0a1ab3533d8"}
,"C:\\Users\\1308l\\OneDrive\\Documentos\\INGINF\\S8\\TFG\\TFG_livelyAgeing\\backend\\models\\db.js": {"path":"C:\\Users\\1308l\\OneDrive\\Documentos\\INGINF\\S8\\TFG\\TFG_livelyAgeing\\backend\\models\\db.js","statementMap":{"0":{"start":{"line":1,"column":17},"end":{"line":1,"column":30}},"1":{"start":{"line":2,"column":13},"end":{"line":2,"column":28}},"2":{"start":{"line":3,"column":15},"end":{"line":3,"column":32}},"3":{"start":{"line":6,"column":0},"end":{"line":6,"column":72}},"4":{"start":{"line":10,"column":13},"end":{"line":17,"column":2}},"5":{"start":{"line":19,"column":0},"end":{"line":19,"column":58}},"6":{"start":{"line":21,"column":0},"end":{"line":21,"column":22}}},"fnMap":{},"branchMap":{},"s":{"0":3,"1":3,"2":3,"3":3,"4":3,"5":3,"6":3},"f":{},"b":{},"_coverageSchema":"1a1c01bbd47fc00a2c39e90264f33305004495a9","hash":"924445447e98e258fc3e42332365b87486769cec"}
,"C:\\Users\\1308l\\OneDrive\\Documentos\\INGINF\\S8\\TFG\\TFG_livelyAgeing\\migration\\formatData.js": {"path":"C:\\Users\\1308l\\OneDrive\\Documentos\\INGINF\\S8\\TFG\\TFG_livelyAgeing\\migration\\formatData.js","statementMap":{"0":{"start":{"line":1,"column":18},"end":{"line":1,"column":62}},"1":{"start":{"line":6,"column":26},"end":{"line":6,"column":66}},"2":{"start":{"line":7,"column":26},"end":{"line":7,"column":66}},"3":{"start":{"line":9,"column":4},"end":{"line":30,"column":6}},"4":{"start":{"line":36,"column":26},"end":{"line":36,"column":66}},"5":{"start":{"line":37,"column":26},"end":{"line":37,"column":66}},"6":{"start":{"line":41,"column":4},"end":{"line":63,"column":6}},"7":{"start":{"line":66,"column":0},"end":{"line":69,"column":2}}},"fnMap":{"0":{"name":"generateObservationData","decl":{"start":{"line":4,"column":9},"end":{"line":4,"column":32}},"loc":{"start":{"line":4,"column":102},"end":{"line":31,"column":1}},"line":4},"1":{"name":"generateMeasurementData","decl":{"start":{"line":33,"column":9},"end":{"line":33,"column":32}},"loc":{"start":{"line":33,"column":113},"end":{"line":64,"column":1}},"line":33}},"branchMap":{"0":{"loc":{"start":{"line":6,"column":26},"end":{"line":6,"column":66}},"type":"cond-expr","locations":[{"start":{"line":6,"column":54},"end":{"line":6,"column":59}},{"start":{"line":6,"column":62},"end":{"line":6,"column":66}}],"line":6},"1":{"loc":{"start":{"line":7,"column":26},"end":{"line":7,"column":66}},"type":"cond-expr","locations":[{"start":{"line":7,"column":54},"end":{"line":7,"column":59}},{"start":{"line":7,"column":62},"end":{"line":7,"column":66}}],"line":7},"2":{"loc":{"start":{"line":36,"column":26},"end":{"line":36,"column":66}},"type":"cond-expr","locations":[{"start":{"line":36,"column":54},"end":{"line":36,"column":59}},{"start":{"line":36,"column":62},"end":{"line":36,"column":66}}],"line":36},"3":{"loc":{"start":{"line":37,"column":26},"end":{"line":37,"column":66}},"type":"cond-expr","locations":[{"start":{"line":37,"column":54},"end":{"line":37,"column":59}},{"start":{"line":37,"column":62},"end":{"line":37,"column":66}}],"line":37}},"s":{"0":1,"1":0,"2":0,"3":0,"4":0,"5":0,"6":0,"7":1},"f":{"0":0,"1":0},"b":{"0":[0,0],"1":[0,0],"2":[0,0],"3":[0,0]},"_coverageSchema":"1a1c01bbd47fc00a2c39e90264f33305004495a9","hash":"e47a58ccd37702b2dd5ec0f532682c4bdea03245"}
,"C:\\Users\\1308l\\OneDrive\\Documentos\\INGINF\\S8\\TFG\\TFG_livelyAgeing\\migration\\formatValue.js": {"path":"C:\\Users\\1308l\\OneDrive\\Documentos\\INGINF\\S8\\TFG\\TFG_livelyAgeing\\migration\\formatValue.js","statementMap":{"0":{"start":{"line":3,"column":14},"end":{"line":3,"column":28}},"1":{"start":{"line":4,"column":4},"end":{"line":4,"column":41}},"2":{"start":{"line":9,"column":17},"end":{"line":9,"column":37}},"3":{"start":{"line":12,"column":17},"end":{"line":12,"column":35}},"4":{"start":{"line":13,"column":18},"end":{"line":13,"column":67}},"5":{"start":{"line":14,"column":16},"end":{"line":14,"column":58}},"6":{"start":{"line":15,"column":18},"end":{"line":15,"column":61}},"7":{"start":{"line":16,"column":20},"end":{"line":16,"column":65}},"8":{"start":{"line":17,"column":20},"end":{"line":17,"column":65}},"9":{"start":{"line":18,"column":25},"end":{"line":18,"column":75}},"10":{"start":{"line":21,"column":26},"end":{"line":21,"column":101}},"11":{"start":{"line":23,"column":4},"end":{"line":23,"column":25}},"12":{"start":{"line":29,"column":4},"end":{"line":29,"column":59}},"13":{"start":{"line":29,"column":47},"end":{"line":29,"column":59}},"14":{"start":{"line":31,"column":4},"end":{"line":49,"column":23}},"15":{"start":{"line":33,"column":22},"end":{"line":33,"column":38}},"16":{"start":{"line":34,"column":8},"end":{"line":46,"column":9}},"17":{"start":{"line":35,"column":26},"end":{"line":35,"column":48}},"18":{"start":{"line":36,"column":28},"end":{"line":36,"column":50}},"19":{"start":{"line":37,"column":28},"end":{"line":37,"column":48}},"20":{"start":{"line":39,"column":12},"end":{"line":39,"column":67}},"21":{"start":{"line":40,"column":15},"end":{"line":46,"column":9}},"22":{"start":{"line":41,"column":26},"end":{"line":41,"column":48}},"23":{"start":{"line":42,"column":28},"end":{"line":42,"column":50}},"24":{"start":{"line":43,"column":12},"end":{"line":43,"column":40}},"25":{"start":{"line":44,"column":15},"end":{"line":46,"column":9}},"26":{"start":{"line":45,"column":12},"end":{"line":45,"column":42}},"27":{"start":{"line":47,"column":11},"end":{"line":49,"column":23}},"28":{"start":{"line":48,"column":8},"end":{"line":48,"column":21}},"29":{"start":{"line":49,"column":11},"end":{"line":49,"column":23}},"30":{"start":{"line":54,"column":4},"end":{"line":54,"column":27}},"31":{"start":{"line":60,"column":0},"end":{"line":65,"column":1}}},"fnMap":{"0":{"name":"formatDate","decl":{"start":{"line":2,"column":9},"end":{"line":2,"column":19}},"loc":{"start":{"line":2,"column":26},"end":{"line":5,"column":1}},"line":2},"1":{"name":"formatToTimestamp","decl":{"start":{"line":7,"column":9},"end":{"line":7,"column":26}},"loc":{"start":{"line":7,"column":39},"end":{"line":24,"column":1}},"line":7},"2":{"name":"stringToMinutes","decl":{"start":{"line":27,"column":9},"end":{"line":27,"column":24}},"loc":{"start":{"line":27,"column":32},"end":{"line":50,"column":1}},"line":27},"3":{"name":"milesToMeters","decl":{"start":{"line":53,"column":9},"end":{"line":53,"column":22}},"loc":{"start":{"line":53,"column":30},"end":{"line":55,"column":1}},"line":53}},"branchMap":{"0":{"loc":{"start":{"line":29,"column":4},"end":{"line":29,"column":59}},"type":"if","locations":[{"start":{"line":29,"column":4},"end":{"line":29,"column":59}},{"start":{},"end":{}}],"line":29},"1":{"loc":{"start":{"line":29,"column":8},"end":{"line":29,"column":45}},"type":"binary-expr","locations":[{"start":{"line":29,"column":8},"end":{"line":29,"column":22}},{"start":{"line":29,"column":26},"end":{"line":29,"column":45}}],"line":29},"2":{"loc":{"start":{"line":31,"column":4},"end":{"line":49,"column":23}},"type":"if","locations":[{"start":{"line":31,"column":4},"end":{"line":49,"column":23}},{"start":{"line":47,"column":11},"end":{"line":49,"column":23}}],"line":31},"3":{"loc":{"start":{"line":34,"column":8},"end":{"line":46,"column":9}},"type":"if","locations":[{"start":{"line":34,"column":8},"end":{"line":46,"column":9}},{"start":{"line":40,"column":15},"end":{"line":46,"column":9}}],"line":34},"4":{"loc":{"start":{"line":40,"column":15},"end":{"line":46,"column":9}},"type":"if","locations":[{"start":{"line":40,"column":15},"end":{"line":46,"column":9}},{"start":{"line":44,"column":15},"end":{"line":46,"column":9}}],"line":40},"5":{"loc":{"start":{"line":44,"column":15},"end":{"line":46,"column":9}},"type":"if","locations":[{"start":{"line":44,"column":15},"end":{"line":46,"column":9}},{"start":{},"end":{}}],"line":44},"6":{"loc":{"start":{"line":47,"column":11},"end":{"line":49,"column":23}},"type":"if","locations":[{"start":{"line":47,"column":11},"end":{"line":49,"column":23}},{"start":{"line":49,"column":11},"end":{"line":49,"column":23}}],"line":47}},"s":{"0":2,"1":2,"2":2,"3":2,"4":2,"5":2,"6":2,"7":2,"8":2,"9":2,"10":2,"11":2,"12":0,"13":0,"14":0,"15":0,"16":0,"17":0,"18":0,"19":0,"20":0,"21":0,"22":0,"23":0,"24":0,"25":0,"26":0,"27":0,"28":0,"29":0,"30":0,"31":2},"f":{"0":2,"1":2,"2":0,"3":0},"b":{"0":[0,0],"1":[0,0],"2":[0,0],"3":[0,0],"4":[0,0],"5":[0,0],"6":[0,0]},"_coverageSchema":"1a1c01bbd47fc00a2c39e90264f33305004495a9","hash":"dbc08ef25adcbccf81b660ca7223799f45183b32"}
,"C:\\Users\\1308l\\OneDrive\\Documentos\\INGINF\\S8\\TFG\\TFG_livelyAgeing\\migrationGarmin\\migration_activity_series.js": {"path":"C:\\Users\\1308l\\OneDrive\\Documentos\\INGINF\\S8\\TFG\\TFG_livelyAgeing\\migrationGarmin\\migration_activity_series.js","statementMap":{"0":{"start":{"line":1,"column":13},"end":{"line":1,"column":28}},"1":{"start":{"line":4,"column":18},"end":{"line":4,"column":62}},"2":{"start":{"line":5,"column":55},"end":{"line":5,"column":99}},"3":{"start":{"line":6,"column":106},"end":{"line":6,"column":151}},"4":{"start":{"line":7,"column":61},"end":{"line":7,"column":98}},"5":{"start":{"line":8,"column":16},"end":{"line":8,"column":49}},"6":{"start":{"line":9,"column":20},"end":{"line":9,"column":58}},"7":{"start":{"line":10,"column":16},"end":{"line":10,"column":58}},"8":{"start":{"line":11,"column":28},"end":{"line":11,"column":54}},"9":{"start":{"line":18,"column":29},"end":{"line":18,"column":31}},"10":{"start":{"line":20,"column":25},"end":{"line":20,"column":184}},"11":{"start":{"line":21,"column":4},"end":{"line":21,"column":42}},"12":{"start":{"line":23,"column":19},"end":{"line":23,"column":188}},"13":{"start":{"line":24,"column":4},"end":{"line":24,"column":36}},"14":{"start":{"line":26,"column":19},"end":{"line":26,"column":204}},"15":{"start":{"line":27,"column":4},"end":{"line":27,"column":36}},"16":{"start":{"line":29,"column":28},"end":{"line":29,"column":216}},"17":{"start":{"line":30,"column":4},"end":{"line":30,"column":45}},"18":{"start":{"line":32,"column":4},"end":{"line":32,"column":30}},"19":{"start":{"line":39,"column":4},"end":{"line":46,"column":5}},"20":{"start":{"line":40,"column":8},"end":{"line":44,"column":10}},"21":{"start":{"line":45,"column":8},"end":{"line":45,"column":21}},"22":{"start":{"line":49,"column":4},"end":{"line":59,"column":5}},"23":{"start":{"line":50,"column":8},"end":{"line":58,"column":9}},"24":{"start":{"line":51,"column":12},"end":{"line":55,"column":14}},"25":{"start":{"line":57,"column":12},"end":{"line":57,"column":33}},"26":{"start":{"line":60,"column":4},"end":{"line":60,"column":16}},"27":{"start":{"line":64,"column":4},"end":{"line":64,"column":29}},"28":{"start":{"line":65,"column":30},"end":{"line":65,"column":32}},"29":{"start":{"line":66,"column":34},"end":{"line":66,"column":36}},"30":{"start":{"line":68,"column":25},"end":{"line":77,"column":5}},"31":{"start":{"line":79,"column":4},"end":{"line":85,"column":5}},"32":{"start":{"line":81,"column":8},"end":{"line":84,"column":9}},"33":{"start":{"line":82,"column":36},"end":{"line":82,"column":132}},"34":{"start":{"line":83,"column":12},"end":{"line":83,"column":54}},"35":{"start":{"line":87,"column":25},"end":{"line":89,"column":5}},"36":{"start":{"line":93,"column":4},"end":{"line":99,"column":5}},"37":{"start":{"line":95,"column":8},"end":{"line":98,"column":9}},"38":{"start":{"line":96,"column":36},"end":{"line":96,"column":132}},"39":{"start":{"line":97,"column":12},"end":{"line":97,"column":58}},"40":{"start":{"line":101,"column":4},"end":{"line":101,"column":58}},"41":{"start":{"line":105,"column":4},"end":{"line":299,"column":5}},"42":{"start":{"line":110,"column":28},"end":{"line":129,"column":9}},"43":{"start":{"line":146,"column":25},"end":{"line":202,"column":9}},"44":{"start":{"line":206,"column":8},"end":{"line":208,"column":9}},"45":{"start":{"line":207,"column":12},"end":{"line":207,"column":22}},"46":{"start":{"line":210,"column":8},"end":{"line":293,"column":9}},"47":{"start":{"line":211,"column":36},"end":{"line":211,"column":74}},"48":{"start":{"line":212,"column":40},"end":{"line":212,"column":85}},"49":{"start":{"line":214,"column":35},"end":{"line":219,"column":13}},"50":{"start":{"line":222,"column":26},"end":{"line":222,"column":49}},"51":{"start":{"line":224,"column":83},"end":{"line":224,"column":119}},"52":{"start":{"line":228,"column":30},"end":{"line":228,"column":126}},"53":{"start":{"line":229,"column":31},"end":{"line":229,"column":73}},"54":{"start":{"line":231,"column":12},"end":{"line":239,"column":13}},"55":{"start":{"line":232,"column":16},"end":{"line":236,"column":18}},"56":{"start":{"line":238,"column":16},"end":{"line":238,"column":25}},"57":{"start":{"line":242,"column":39},"end":{"line":242,"column":41}},"58":{"start":{"line":243,"column":43},"end":{"line":243,"column":45}},"59":{"start":{"line":246,"column":42},"end":{"line":246,"column":118}},"60":{"start":{"line":246,"column":79},"end":{"line":246,"column":117}},"61":{"start":{"line":249,"column":12},"end":{"line":255,"column":13}},"62":{"start":{"line":250,"column":16},"end":{"line":254,"column":18}},"63":{"start":{"line":257,"column":12},"end":{"line":270,"column":13}},"64":{"start":{"line":258,"column":45},"end":{"line":258,"column":85}},"65":{"start":{"line":259,"column":49},"end":{"line":259,"column":96}},"66":{"start":{"line":261,"column":36},"end":{"line":266,"column":17}},"67":{"start":{"line":268,"column":40},"end":{"line":268,"column":89}},"68":{"start":{"line":269,"column":16},"end":{"line":269,"column":60}},"69":{"start":{"line":273,"column":31},"end":{"line":278,"column":13}},"70":{"start":{"line":280,"column":67},"end":{"line":280,"column":120}},"71":{"start":{"line":281,"column":12},"end":{"line":281,"column":60}},"72":{"start":{"line":282,"column":12},"end":{"line":282,"column":68}},"73":{"start":{"line":285,"column":12},"end":{"line":288,"column":13}},"74":{"start":{"line":287,"column":16},"end":{"line":287,"column":76}},"75":{"start":{"line":290,"column":12},"end":{"line":292,"column":13}},"76":{"start":{"line":291,"column":16},"end":{"line":291,"column":80}},"77":{"start":{"line":297,"column":8},"end":{"line":297,"column":61}},"78":{"start":{"line":298,"column":8},"end":{"line":298,"column":20}},"79":{"start":{"line":309,"column":19},"end":{"line":310,"column":5}},"80":{"start":{"line":312,"column":21},"end":{"line":312,"column":58}},"81":{"start":{"line":313,"column":25},"end":{"line":313,"column":80}},"82":{"start":{"line":314,"column":32},"end":{"line":314,"column":94}},"83":{"start":{"line":316,"column":4},"end":{"line":316,"column":21}},"84":{"start":{"line":317,"column":4},"end":{"line":317,"column":47}},"85":{"start":{"line":327,"column":48},"end":{"line":327,"column":90}},"86":{"start":{"line":328,"column":4},"end":{"line":328,"column":72}},"87":{"start":{"line":349,"column":0},"end":{"line":349,"column":113}}},"fnMap":{"0":{"name":"formatActivityRecordsMesData","decl":{"start":{"line":17,"column":15},"end":{"line":17,"column":43}},"loc":{"start":{"line":17,"column":64},"end":{"line":34,"column":1}},"line":17},"1":{"name":"checkConcepts","decl":{"start":{"line":37,"column":15},"end":{"line":37,"column":28}},"loc":{"start":{"line":37,"column":39},"end":{"line":61,"column":1}},"line":37},"2":{"name":"generateMeasurementSummary","decl":{"start":{"line":63,"column":9},"end":{"line":63,"column":35}},"loc":{"start":{"line":63,"column":62},"end":{"line":102,"column":1}},"line":63},"3":{"name":"formatActivityData","decl":{"start":{"line":104,"column":15},"end":{"line":104,"column":33}},"loc":{"start":{"line":104,"column":77},"end":{"line":300,"column":1}},"line":104},"4":{"name":"(anonymous_4)","decl":{"start":{"line":246,"column":69},"end":{"line":246,"column":70}},"loc":{"start":{"line":246,"column":79},"end":{"line":246,"column":117}},"line":246},"5":{"name":"getActivityData","decl":{"start":{"line":306,"column":15},"end":{"line":306,"column":30}},"loc":{"start":{"line":306,"column":52},"end":{"line":318,"column":1}},"line":306},"6":{"name":"updateActivityData","decl":{"start":{"line":322,"column":15},"end":{"line":322,"column":33}},"loc":{"start":{"line":322,"column":55},"end":{"line":331,"column":1}},"line":322}},"branchMap":{"0":{"loc":{"start":{"line":39,"column":4},"end":{"line":46,"column":5}},"type":"if","locations":[{"start":{"line":39,"column":4},"end":{"line":46,"column":5}},{"start":{},"end":{}}],"line":39},"1":{"loc":{"start":{"line":50,"column":8},"end":{"line":58,"column":9}},"type":"if","locations":[{"start":{"line":50,"column":8},"end":{"line":58,"column":9}},{"start":{},"end":{}}],"line":50},"2":{"loc":{"start":{"line":50,"column":12},"end":{"line":50,"column":44}},"type":"binary-expr","locations":[{"start":{"line":50,"column":12},"end":{"line":50,"column":30}},{"start":{"line":50,"column":35},"end":{"line":50,"column":42}}],"line":50},"3":{"loc":{"start":{"line":52,"column":16},"end":{"line":52,"column":99}},"type":"binary-expr","locations":[{"start":{"line":52,"column":16},"end":{"line":52,"column":56}},{"start":{"line":52,"column":60},"end":{"line":52,"column":99}}],"line":52},"4":{"loc":{"start":{"line":81,"column":8},"end":{"line":84,"column":9}},"type":"if","locations":[{"start":{"line":81,"column":8},"end":{"line":84,"column":9}},{"start":{},"end":{}}],"line":81},"5":{"loc":{"start":{"line":95,"column":8},"end":{"line":98,"column":9}},"type":"if","locations":[{"start":{"line":95,"column":8},"end":{"line":98,"column":9}},{"start":{},"end":{}}],"line":95},"6":{"loc":{"start":{"line":206,"column":8},"end":{"line":208,"column":9}},"type":"if","locations":[{"start":{"line":206,"column":8},"end":{"line":208,"column":9}},{"start":{},"end":{}}],"line":206},"7":{"loc":{"start":{"line":231,"column":12},"end":{"line":239,"column":13}},"type":"if","locations":[{"start":{"line":231,"column":12},"end":{"line":239,"column":13}},{"start":{},"end":{}}],"line":231},"8":{"loc":{"start":{"line":249,"column":12},"end":{"line":255,"column":13}},"type":"if","locations":[{"start":{"line":249,"column":12},"end":{"line":255,"column":13}},{"start":{},"end":{}}],"line":249},"9":{"loc":{"start":{"line":285,"column":12},"end":{"line":288,"column":13}},"type":"if","locations":[{"start":{"line":285,"column":12},"end":{"line":288,"column":13}},{"start":{},"end":{}}],"line":285},"10":{"loc":{"start":{"line":290,"column":12},"end":{"line":292,"column":13}},"type":"if","locations":[{"start":{"line":290,"column":12},"end":{"line":292,"column":13}},{"start":{},"end":{}}],"line":290}},"s":{"0":1,"1":1,"2":1,"3":1,"4":1,"5":1,"6":1,"7":1,"8":1,"9":1,"10":1,"11":1,"12":1,"13":1,"14":1,"15":1,"16":1,"17":1,"18":1,"19":2,"20":1,"21":1,"22":1,"23":3,"24":1,"25":1,"26":1,"27":1,"28":1,"29":1,"30":1,"31":1,"32":8,"33":8,"34":8,"35":1,"36":1,"37":1,"38":1,"39":1,"40":1,"41":0,"42":0,"43":0,"44":0,"45":0,"46":0,"47":0,"48":0,"49":0,"50":0,"51":0,"52":0,"53":0,"54":0,"55":0,"56":0,"57":0,"58":0,"59":0,"60":0,"61":0,"62":0,"63":0,"64":0,"65":0,"66":0,"67":0,"68":0,"69":0,"70":0,"71":0,"72":0,"73":0,"74":0,"75":0,"76":0,"77":0,"78":0,"79":0,"80":0,"81":0,"82":0,"83":0,"84":0,"85":0,"86":0,"87":1},"f":{"0":1,"1":2,"2":1,"3":0,"4":0,"5":0,"6":0},"b":{"0":[1,1],"1":[1,2],"2":[3,3],"3":[1,1],"4":[8,0],"5":[1,0],"6":[0,0],"7":[0,0],"8":[0,0],"9":[0,0],"10":[0,0]},"_coverageSchema":"1a1c01bbd47fc00a2c39e90264f33305004495a9","hash":"f7636c6dc54e6b15ab17416e048d6a9925ad53ec"}
,"C:\\Users\\1308l\\OneDrive\\Documentos\\INGINF\\S8\\TFG\\TFG_livelyAgeing\\migrationGarmin\\migration_hr_series.js": {"path":"C:\\Users\\1308l\\OneDrive\\Documentos\\INGINF\\S8\\TFG\\TFG_livelyAgeing\\migrationGarmin\\migration_hr_series.js","statementMap":{"0":{"start":{"line":2,"column":13},"end":{"line":2,"column":28}},"1":{"start":{"line":4,"column":18},"end":{"line":4,"column":62}},"2":{"start":{"line":5,"column":30},"end":{"line":5,"column":74}},"3":{"start":{"line":6,"column":20},"end":{"line":6,"column":58}},"4":{"start":{"line":7,"column":16},"end":{"line":7,"column":49}},"5":{"start":{"line":8,"column":16},"end":{"line":8,"column":58}},"6":{"start":{"line":9,"column":38},"end":{"line":9,"column":83}},"7":{"start":{"line":10,"column":36},"end":{"line":10,"column":73}},"8":{"start":{"line":11,"column":27},"end":{"line":11,"column":72}},"9":{"start":{"line":12,"column":11},"end":{"line":12,"column":24}},"10":{"start":{"line":15,"column":17},"end":{"line":15,"column":70}},"11":{"start":{"line":19,"column":19},"end":{"line":19,"column":103}},"12":{"start":{"line":20,"column":4},"end":{"line":20,"column":33}},"13":{"start":{"line":21,"column":4},"end":{"line":25,"column":5}},"14":{"start":{"line":22,"column":8},"end":{"line":22,"column":52}},"15":{"start":{"line":24,"column":8},"end":{"line":24,"column":84}},"16":{"start":{"line":32,"column":4},"end":{"line":35,"column":5}},"17":{"start":{"line":33,"column":8},"end":{"line":33,"column":54}},"18":{"start":{"line":34,"column":8},"end":{"line":34,"column":15}},"19":{"start":{"line":36,"column":4},"end":{"line":54,"column":5}},"20":{"start":{"line":37,"column":8},"end":{"line":37,"column":53}},"21":{"start":{"line":38,"column":23},"end":{"line":38,"column":57}},"22":{"start":{"line":39,"column":8},"end":{"line":50,"column":9}},"23":{"start":{"line":40,"column":12},"end":{"line":40,"column":92}},"24":{"start":{"line":41,"column":12},"end":{"line":47,"column":13}},"25":{"start":{"line":42,"column":16},"end":{"line":42,"column":64}},"26":{"start":{"line":43,"column":16},"end":{"line":43,"column":94}},"27":{"start":{"line":45,"column":16},"end":{"line":45,"column":102}},"28":{"start":{"line":46,"column":16},"end":{"line":46,"column":28}},"29":{"start":{"line":49,"column":12},"end":{"line":49,"column":81}},"30":{"start":{"line":52,"column":8},"end":{"line":52,"column":94}},"31":{"start":{"line":53,"column":8},"end":{"line":53,"column":20}},"32":{"start":{"line":61,"column":4},"end":{"line":109,"column":5}},"33":{"start":{"line":62,"column":37},"end":{"line":62,"column":39}},"34":{"start":{"line":64,"column":30},"end":{"line":64,"column":82}},"35":{"start":{"line":65,"column":8},"end":{"line":68,"column":9}},"36":{"start":{"line":66,"column":12},"end":{"line":66,"column":96}},"37":{"start":{"line":67,"column":12},"end":{"line":67,"column":22}},"38":{"start":{"line":69,"column":45},"end":{"line":69,"column":58}},"39":{"start":{"line":70,"column":27},"end":{"line":70,"column":79}},"40":{"start":{"line":71,"column":8},"end":{"line":74,"column":9}},"41":{"start":{"line":72,"column":12},"end":{"line":72,"column":98}},"42":{"start":{"line":73,"column":12},"end":{"line":73,"column":22}},"43":{"start":{"line":75,"column":77},"end":{"line":75,"column":87}},"44":{"start":{"line":77,"column":20},"end":{"line":77,"column":42}},"45":{"start":{"line":78,"column":21},"end":{"line":78,"column":45}},"46":{"start":{"line":80,"column":25},"end":{"line":100,"column":10}},"47":{"start":{"line":81,"column":12},"end":{"line":84,"column":13}},"48":{"start":{"line":82,"column":16},"end":{"line":82,"column":58}},"49":{"start":{"line":83,"column":16},"end":{"line":83,"column":28}},"50":{"start":{"line":85,"column":36},"end":{"line":85,"column":73}},"51":{"start":{"line":86,"column":40},"end":{"line":86,"column":84}},"52":{"start":{"line":87,"column":31},"end":{"line":92,"column":13}},"53":{"start":{"line":94,"column":34},"end":{"line":94,"column":154}},"54":{"start":{"line":95,"column":12},"end":{"line":98,"column":13}},"55":{"start":{"line":97,"column":16},"end":{"line":97,"column":37}},"56":{"start":{"line":99,"column":12},"end":{"line":99,"column":24}},"57":{"start":{"line":102,"column":24},"end":{"line":102,"column":51}},"58":{"start":{"line":104,"column":8},"end":{"line":104,"column":57}},"59":{"start":{"line":105,"column":8},"end":{"line":105,"column":38}},"60":{"start":{"line":107,"column":8},"end":{"line":107,"column":72}},"61":{"start":{"line":108,"column":8},"end":{"line":108,"column":18}},"62":{"start":{"line":116,"column":19},"end":{"line":116,"column":81}},"63":{"start":{"line":118,"column":21},"end":{"line":118,"column":58}},"64":{"start":{"line":119,"column":19},"end":{"line":119,"column":67}},"65":{"start":{"line":120,"column":4},"end":{"line":120,"column":69}},"66":{"start":{"line":121,"column":4},"end":{"line":121,"column":21}},"67":{"start":{"line":122,"column":4},"end":{"line":122,"column":18}},"68":{"start":{"line":126,"column":22},"end":{"line":126,"column":32}},"69":{"start":{"line":127,"column":4},"end":{"line":142,"column":5}},"70":{"start":{"line":131,"column":23},"end":{"line":131,"column":59}},"71":{"start":{"line":132,"column":8},"end":{"line":132,"column":58}},"72":{"start":{"line":135,"column":8},"end":{"line":135,"column":53}},"73":{"start":{"line":138,"column":24},"end":{"line":138,"column":34}},"74":{"start":{"line":139,"column":25},"end":{"line":139,"column":44}},"75":{"start":{"line":140,"column":8},"end":{"line":140,"column":69}},"76":{"start":{"line":160,"column":0},"end":{"line":160,"column":63}}},"fnMap":{"0":{"name":"logConceptError","decl":{"start":{"line":18,"column":15},"end":{"line":18,"column":30}},"loc":{"start":{"line":18,"column":55},"end":{"line":26,"column":1}},"line":18},"1":{"name":"migrateHrData","decl":{"start":{"line":31,"column":15},"end":{"line":31,"column":28}},"loc":{"start":{"line":31,"column":59},"end":{"line":55,"column":1}},"line":31},"2":{"name":"formatHrData","decl":{"start":{"line":60,"column":15},"end":{"line":60,"column":27}},"loc":{"start":{"line":60,"column":44},"end":{"line":110,"column":1}},"line":60},"3":{"name":"(anonymous_3)","decl":{"start":{"line":80,"column":36},"end":{"line":80,"column":37}},"loc":{"start":{"line":80,"column":51},"end":{"line":100,"column":9}},"line":80},"4":{"name":"getHrData","decl":{"start":{"line":115,"column":15},"end":{"line":115,"column":24}},"loc":{"start":{"line":115,"column":46},"end":{"line":123,"column":1}},"line":115},"5":{"name":"updateHrData","decl":{"start":{"line":125,"column":15},"end":{"line":125,"column":27}},"loc":{"start":{"line":125,"column":49},"end":{"line":143,"column":1}},"line":125}},"branchMap":{"0":{"loc":{"start":{"line":32,"column":4},"end":{"line":35,"column":5}},"type":"if","locations":[{"start":{"line":32,"column":4},"end":{"line":35,"column":5}},{"start":{},"end":{}}],"line":32},"1":{"loc":{"start":{"line":32,"column":8},"end":{"line":32,"column":53}},"type":"binary-expr","locations":[{"start":{"line":32,"column":8},"end":{"line":32,"column":30}},{"start":{"line":32,"column":34},"end":{"line":32,"column":53}}],"line":32},"2":{"loc":{"start":{"line":39,"column":8},"end":{"line":50,"column":9}},"type":"if","locations":[{"start":{"line":39,"column":8},"end":{"line":50,"column":9}},{"start":{"line":48,"column":15},"end":{"line":50,"column":9}}],"line":39},"3":{"loc":{"start":{"line":39,"column":12},"end":{"line":39,"column":39}},"type":"binary-expr","locations":[{"start":{"line":39,"column":12},"end":{"line":39,"column":18}},{"start":{"line":39,"column":22},"end":{"line":39,"column":39}}],"line":39},"4":{"loc":{"start":{"line":65,"column":8},"end":{"line":68,"column":9}},"type":"if","locations":[{"start":{"line":65,"column":8},"end":{"line":68,"column":9}},{"start":{},"end":{}}],"line":65},"5":{"loc":{"start":{"line":65,"column":12},"end":{"line":65,"column":56}},"type":"binary-expr","locations":[{"start":{"line":65,"column":12},"end":{"line":65,"column":26}},{"start":{"line":65,"column":30},"end":{"line":65,"column":56}}],"line":65},"6":{"loc":{"start":{"line":71,"column":8},"end":{"line":74,"column":9}},"type":"if","locations":[{"start":{"line":71,"column":8},"end":{"line":74,"column":9}},{"start":{},"end":{}}],"line":71},"7":{"loc":{"start":{"line":71,"column":12},"end":{"line":71,"column":50}},"type":"binary-expr","locations":[{"start":{"line":71,"column":12},"end":{"line":71,"column":23}},{"start":{"line":71,"column":27},"end":{"line":71,"column":50}}],"line":71},"8":{"loc":{"start":{"line":77,"column":20},"end":{"line":77,"column":42}},"type":"binary-expr","locations":[{"start":{"line":77,"column":20},"end":{"line":77,"column":36}},{"start":{"line":77,"column":40},"end":{"line":77,"column":42}}],"line":77},"9":{"loc":{"start":{"line":78,"column":21},"end":{"line":78,"column":45}},"type":"binary-expr","locations":[{"start":{"line":78,"column":21},"end":{"line":78,"column":38}},{"start":{"line":78,"column":42},"end":{"line":78,"column":45}}],"line":78},"10":{"loc":{"start":{"line":81,"column":12},"end":{"line":84,"column":13}},"type":"if","locations":[{"start":{"line":81,"column":12},"end":{"line":84,"column":13}},{"start":{},"end":{}}],"line":81},"11":{"loc":{"start":{"line":81,"column":16},"end":{"line":81,"column":76}},"type":"binary-expr","locations":[{"start":{"line":81,"column":16},"end":{"line":81,"column":20}},{"start":{"line":81,"column":24},"end":{"line":81,"column":58}},{"start":{"line":81,"column":62},"end":{"line":81,"column":76}}],"line":81},"12":{"loc":{"start":{"line":95,"column":12},"end":{"line":98,"column":13}},"type":"if","locations":[{"start":{"line":95,"column":12},"end":{"line":98,"column":13}},{"start":{},"end":{}}],"line":95}},"s":{"0":1,"1":1,"2":1,"3":1,"4":1,"5":1,"6":1,"7":1,"8":1,"9":1,"10":1,"11":2,"12":2,"13":2,"14":2,"15":0,"16":1,"17":0,"18":0,"19":1,"20":1,"21":1,"22":1,"23":0,"24":0,"25":0,"26":0,"27":0,"28":0,"29":1,"30":0,"31":0,"32":4,"33":4,"34":4,"35":4,"36":2,"37":2,"38":2,"39":2,"40":2,"41":0,"42":0,"43":2,"44":2,"45":2,"46":2,"47":2,"48":0,"49":0,"50":2,"51":2,"52":2,"53":2,"54":0,"55":0,"56":0,"57":2,"58":0,"59":0,"60":2,"61":2,"62":0,"63":0,"64":0,"65":0,"66":0,"67":0,"68":0,"69":0,"70":0,"71":0,"72":0,"73":0,"74":0,"75":0,"76":1},"f":{"0":2,"1":1,"2":4,"3":2,"4":0,"5":0},"b":{"0":[0,1],"1":[1,1],"2":[0,1],"3":[1,1],"4":[2,2],"5":[4,2],"6":[0,2],"7":[2,2],"8":[2,2],"9":[2,2],"10":[0,2],"11":[2,2,2],"12":[0,0]},"_coverageSchema":"1a1c01bbd47fc00a2c39e90264f33305004495a9","hash":"bc1a3217e2dabb72e4d0ae322e9a4927d970dfcf"}
,"C:\\Users\\1308l\\OneDrive\\Documentos\\INGINF\\S8\\TFG\\TFG_livelyAgeing\\migrationGarmin\\sqlLiteconnection.js": {"path":"C:\\Users\\1308l\\OneDrive\\Documentos\\INGINF\\S8\\TFG\\TFG_livelyAgeing\\migrationGarmin\\sqlLiteconnection.js","statementMap":{"0":{"start":{"line":1,"column":16},"end":{"line":1,"column":44}},"1":{"start":{"line":2,"column":13},"end":{"line":2,"column":28}},"2":{"start":{"line":5,"column":4},"end":{"line":15,"column":7}},"3":{"start":{"line":6,"column":25},"end":{"line":14,"column":10}},"4":{"start":{"line":7,"column":12},"end":{"line":11,"column":13}},"5":{"start":{"line":8,"column":16},"end":{"line":8,"column":74}},"6":{"start":{"line":9,"column":16},"end":{"line":9,"column":28}},"7":{"start":{"line":10,"column":16},"end":{"line":10,"column":23}},"8":{"start":{"line":12,"column":12},"end":{"line":12,"column":64}},"9":{"start":{"line":13,"column":12},"end":{"line":13,"column":30}},"10":{"start":{"line":26,"column":4},"end":{"line":34,"column":7}},"11":{"start":{"line":27,"column":8},"end":{"line":33,"column":10}},"12":{"start":{"line":32,"column":28},"end":{"line":32,"column":61}},"13":{"start":{"line":38,"column":30},"end":{"line":38,"column":58}},"14":{"start":{"line":39,"column":2},"end":{"line":47,"column":5}},"15":{"start":{"line":40,"column":6},"end":{"line":46,"column":8}},"16":{"start":{"line":45,"column":26},"end":{"line":45,"column":59}},"17":{"start":{"line":51,"column":4},"end":{"line":59,"column":7}},"18":{"start":{"line":52,"column":8},"end":{"line":58,"column":10}},"19":{"start":{"line":57,"column":28},"end":{"line":57,"column":61}},"20":{"start":{"line":63,"column":4},"end":{"line":71,"column":7}},"21":{"start":{"line":64,"column":8},"end":{"line":70,"column":10}},"22":{"start":{"line":69,"column":28},"end":{"line":69,"column":61}},"23":{"start":{"line":75,"column":4},"end":{"line":83,"column":7}},"24":{"start":{"line":76,"column":8},"end":{"line":82,"column":10}},"25":{"start":{"line":81,"column":28},"end":{"line":81,"column":61}},"26":{"start":{"line":91,"column":4},"end":{"line":91,"column":56}},"27":{"start":{"line":92,"column":4},"end":{"line":109,"column":7}},"28":{"start":{"line":93,"column":8},"end":{"line":108,"column":10}},"29":{"start":{"line":99,"column":16},"end":{"line":102,"column":17}},"30":{"start":{"line":100,"column":20},"end":{"line":100,"column":32}},"31":{"start":{"line":101,"column":20},"end":{"line":101,"column":27}},"32":{"start":{"line":103,"column":16},"end":{"line":105,"column":17}},"33":{"start":{"line":106,"column":16},"end":{"line":106,"column":36}},"34":{"start":{"line":117,"column":4},"end":{"line":134,"column":7}},"35":{"start":{"line":118,"column":8},"end":{"line":133,"column":10}},"36":{"start":{"line":124,"column":16},"end":{"line":127,"column":17}},"37":{"start":{"line":125,"column":20},"end":{"line":125,"column":32}},"38":{"start":{"line":126,"column":20},"end":{"line":126,"column":27}},"39":{"start":{"line":128,"column":16},"end":{"line":130,"column":17}},"40":{"start":{"line":131,"column":16},"end":{"line":131,"column":36}},"41":{"start":{"line":141,"column":4},"end":{"line":141,"column":52}},"42":{"start":{"line":142,"column":4},"end":{"line":159,"column":7}},"43":{"start":{"line":143,"column":8},"end":{"line":158,"column":10}},"44":{"start":{"line":149,"column":16},"end":{"line":152,"column":17}},"45":{"start":{"line":150,"column":20},"end":{"line":150,"column":32}},"46":{"start":{"line":151,"column":20},"end":{"line":151,"column":27}},"47":{"start":{"line":153,"column":16},"end":{"line":155,"column":17}},"48":{"start":{"line":154,"column":20},"end":{"line":154,"column":73}},"49":{"start":{"line":156,"column":16},"end":{"line":156,"column":36}},"50":{"start":{"line":167,"column":4},"end":{"line":184,"column":7}},"51":{"start":{"line":168,"column":8},"end":{"line":183,"column":10}},"52":{"start":{"line":174,"column":16},"end":{"line":177,"column":17}},"53":{"start":{"line":175,"column":20},"end":{"line":175,"column":34}},"54":{"start":{"line":176,"column":20},"end":{"line":176,"column":27}},"55":{"start":{"line":178,"column":16},"end":{"line":180,"column":17}},"56":{"start":{"line":181,"column":16},"end":{"line":181,"column":36}},"57":{"start":{"line":192,"column":4},"end":{"line":200,"column":7}},"58":{"start":{"line":193,"column":8},"end":{"line":199,"column":10}},"59":{"start":{"line":198,"column":28},"end":{"line":198,"column":61}},"60":{"start":{"line":204,"column":30},"end":{"line":204,"column":58}},"61":{"start":{"line":205,"column":2},"end":{"line":213,"column":5}},"62":{"start":{"line":206,"column":6},"end":{"line":212,"column":8}},"63":{"start":{"line":211,"column":26},"end":{"line":211,"column":59}},"64":{"start":{"line":219,"column":4},"end":{"line":227,"column":7}},"65":{"start":{"line":220,"column":8},"end":{"line":226,"column":10}},"66":{"start":{"line":225,"column":28},"end":{"line":225,"column":61}},"67":{"start":{"line":231,"column":0},"end":{"line":244,"column":2}}},"fnMap":{"0":{"name":"connectToSQLite","decl":{"start":{"line":4,"column":9},"end":{"line":4,"column":24}},"loc":{"start":{"line":4,"column":33},"end":{"line":16,"column":1}},"line":4},"1":{"name":"(anonymous_1)","decl":{"start":{"line":5,"column":23},"end":{"line":5,"column":24}},"loc":{"start":{"line":5,"column":44},"end":{"line":15,"column":5}},"line":5},"2":{"name":"(anonymous_2)","decl":{"start":{"line":6,"column":77},"end":{"line":6,"column":78}},"loc":{"start":{"line":6,"column":86},"end":{"line":14,"column":9}},"line":6},"3":{"name":"fetchActivityData","decl":{"start":{"line":24,"column":9},"end":{"line":24,"column":26}},"loc":{"start":{"line":24,"column":43},"end":{"line":35,"column":1}},"line":24},"4":{"name":"(anonymous_4)","decl":{"start":{"line":26,"column":23},"end":{"line":26,"column":24}},"loc":{"start":{"line":26,"column":44},"end":{"line":34,"column":5}},"line":26},"5":{"name":"(anonymous_5)","decl":{"start":{"line":32,"column":12},"end":{"line":32,"column":13}},"loc":{"start":{"line":32,"column":28},"end":{"line":32,"column":61}},"line":32},"6":{"name":"fetchACtivityRecordsData","decl":{"start":{"line":37,"column":9},"end":{"line":37,"column":33}},"loc":{"start":{"line":37,"column":50},"end":{"line":48,"column":1}},"line":37},"7":{"name":"(anonymous_7)","decl":{"start":{"line":39,"column":21},"end":{"line":39,"column":22}},"loc":{"start":{"line":39,"column":42},"end":{"line":47,"column":3}},"line":39},"8":{"name":"(anonymous_8)","decl":{"start":{"line":45,"column":10},"end":{"line":45,"column":11}},"loc":{"start":{"line":45,"column":26},"end":{"line":45,"column":59}},"line":45},"9":{"name":"fetchCycleActivityData","decl":{"start":{"line":50,"column":9},"end":{"line":50,"column":31}},"loc":{"start":{"line":50,"column":54},"end":{"line":60,"column":1}},"line":50},"10":{"name":"(anonymous_10)","decl":{"start":{"line":51,"column":23},"end":{"line":51,"column":24}},"loc":{"start":{"line":51,"column":44},"end":{"line":59,"column":5}},"line":51},"11":{"name":"(anonymous_11)","decl":{"start":{"line":57,"column":12},"end":{"line":57,"column":13}},"loc":{"start":{"line":57,"column":28},"end":{"line":57,"column":61}},"line":57},"12":{"name":"fetchPaddleActivityData","decl":{"start":{"line":62,"column":9},"end":{"line":62,"column":32}},"loc":{"start":{"line":62,"column":55},"end":{"line":72,"column":1}},"line":62},"13":{"name":"(anonymous_13)","decl":{"start":{"line":63,"column":23},"end":{"line":63,"column":24}},"loc":{"start":{"line":63,"column":44},"end":{"line":71,"column":5}},"line":63},"14":{"name":"(anonymous_14)","decl":{"start":{"line":69,"column":12},"end":{"line":69,"column":13}},"loc":{"start":{"line":69,"column":28},"end":{"line":69,"column":61}},"line":69},"15":{"name":"fetchStepsActivityData","decl":{"start":{"line":74,"column":9},"end":{"line":74,"column":31}},"loc":{"start":{"line":74,"column":54},"end":{"line":84,"column":1}},"line":74},"16":{"name":"(anonymous_16)","decl":{"start":{"line":75,"column":23},"end":{"line":75,"column":24}},"loc":{"start":{"line":75,"column":44},"end":{"line":83,"column":5}},"line":75},"17":{"name":"(anonymous_17)","decl":{"start":{"line":81,"column":12},"end":{"line":81,"column":13}},"loc":{"start":{"line":81,"column":28},"end":{"line":81,"column":61}},"line":81},"18":{"name":"fetchHrData","decl":{"start":{"line":90,"column":9},"end":{"line":90,"column":20}},"loc":{"start":{"line":90,"column":37},"end":{"line":110,"column":1}},"line":90},"19":{"name":"(anonymous_19)","decl":{"start":{"line":92,"column":23},"end":{"line":92,"column":24}},"loc":{"start":{"line":92,"column":44},"end":{"line":109,"column":5}},"line":92},"20":{"name":"(anonymous_20)","decl":{"start":{"line":98,"column":12},"end":{"line":98,"column":13}},"loc":{"start":{"line":98,"column":27},"end":{"line":107,"column":13}},"line":98},"21":{"name":"fetchRrData","decl":{"start":{"line":115,"column":9},"end":{"line":115,"column":20}},"loc":{"start":{"line":115,"column":37},"end":{"line":135,"column":1}},"line":115},"22":{"name":"(anonymous_22)","decl":{"start":{"line":117,"column":23},"end":{"line":117,"column":24}},"loc":{"start":{"line":117,"column":44},"end":{"line":134,"column":5}},"line":117},"23":{"name":"(anonymous_23)","decl":{"start":{"line":123,"column":12},"end":{"line":123,"column":13}},"loc":{"start":{"line":123,"column":27},"end":{"line":132,"column":13}},"line":123},"24":{"name":"fetchStressData","decl":{"start":{"line":140,"column":9},"end":{"line":140,"column":24}},"loc":{"start":{"line":140,"column":41},"end":{"line":160,"column":1}},"line":140},"25":{"name":"(anonymous_25)","decl":{"start":{"line":142,"column":23},"end":{"line":142,"column":24}},"loc":{"start":{"line":142,"column":44},"end":{"line":159,"column":5}},"line":142},"26":{"name":"(anonymous_26)","decl":{"start":{"line":148,"column":12},"end":{"line":148,"column":13}},"loc":{"start":{"line":148,"column":27},"end":{"line":157,"column":13}},"line":148},"27":{"name":"fetchSpo2Data","decl":{"start":{"line":165,"column":9},"end":{"line":165,"column":22}},"loc":{"start":{"line":165,"column":38},"end":{"line":185,"column":1}},"line":165},"28":{"name":"(anonymous_28)","decl":{"start":{"line":167,"column":23},"end":{"line":167,"column":24}},"loc":{"start":{"line":167,"column":44},"end":{"line":184,"column":5}},"line":167},"29":{"name":"(anonymous_29)","decl":{"start":{"line":173,"column":12},"end":{"line":173,"column":13}},"loc":{"start":{"line":173,"column":29},"end":{"line":182,"column":13}},"line":173},"30":{"name":"fetchSleepData","decl":{"start":{"line":190,"column":9},"end":{"line":190,"column":23}},"loc":{"start":{"line":190,"column":39},"end":{"line":201,"column":1}},"line":190},"31":{"name":"(anonymous_31)","decl":{"start":{"line":192,"column":23},"end":{"line":192,"column":24}},"loc":{"start":{"line":192,"column":44},"end":{"line":200,"column":5}},"line":192},"32":{"name":"(anonymous_32)","decl":{"start":{"line":198,"column":12},"end":{"line":198,"column":13}},"loc":{"start":{"line":198,"column":28},"end":{"line":198,"column":61}},"line":198},"33":{"name":"fetchSleepEventsData","decl":{"start":{"line":203,"column":9},"end":{"line":203,"column":29}},"loc":{"start":{"line":203,"column":45},"end":{"line":214,"column":1}},"line":203},"34":{"name":"(anonymous_34)","decl":{"start":{"line":205,"column":21},"end":{"line":205,"column":22}},"loc":{"start":{"line":205,"column":42},"end":{"line":213,"column":3}},"line":205},"35":{"name":"(anonymous_35)","decl":{"start":{"line":211,"column":10},"end":{"line":211,"column":11}},"loc":{"start":{"line":211,"column":26},"end":{"line":211,"column":59}},"line":211},"36":{"name":"fetchsummaryData","decl":{"start":{"line":217,"column":9},"end":{"line":217,"column":25}},"loc":{"start":{"line":217,"column":50},"end":{"line":228,"column":1}},"line":217},"37":{"name":"(anonymous_37)","decl":{"start":{"line":219,"column":23},"end":{"line":219,"column":24}},"loc":{"start":{"line":219,"column":44},"end":{"line":227,"column":5}},"line":219},"38":{"name":"(anonymous_38)","decl":{"start":{"line":225,"column":12},"end":{"line":225,"column":13}},"loc":{"start":{"line":225,"column":28},"end":{"line":225,"column":61}},"line":225}},"branchMap":{"0":{"loc":{"start":{"line":7,"column":12},"end":{"line":11,"column":13}},"type":"if","locations":[{"start":{"line":7,"column":12},"end":{"line":11,"column":13}},{"start":{},"end":{}}],"line":7},"1":{"loc":{"start":{"line":32,"column":28},"end":{"line":32,"column":61}},"type":"cond-expr","locations":[{"start":{"line":32,"column":34},"end":{"line":32,"column":45}},{"start":{"line":32,"column":48},"end":{"line":32,"column":61}}],"line":32},"2":{"loc":{"start":{"line":45,"column":26},"end":{"line":45,"column":59}},"type":"cond-expr","locations":[{"start":{"line":45,"column":32},"end":{"line":45,"column":43}},{"start":{"line":45,"column":46},"end":{"line":45,"column":59}}],"line":45},"3":{"loc":{"start":{"line":57,"column":28},"end":{"line":57,"column":61}},"type":"cond-expr","locations":[{"start":{"line":57,"column":34},"end":{"line":57,"column":45}},{"start":{"line":57,"column":48},"end":{"line":57,"column":61}}],"line":57},"4":{"loc":{"start":{"line":69,"column":28},"end":{"line":69,"column":61}},"type":"cond-expr","locations":[{"start":{"line":69,"column":34},"end":{"line":69,"column":45}},{"start":{"line":69,"column":48},"end":{"line":69,"column":61}}],"line":69},"5":{"loc":{"start":{"line":81,"column":28},"end":{"line":81,"column":61}},"type":"cond-expr","locations":[{"start":{"line":81,"column":34},"end":{"line":81,"column":45}},{"start":{"line":81,"column":48},"end":{"line":81,"column":61}}],"line":81},"6":{"loc":{"start":{"line":99,"column":16},"end":{"line":102,"column":17}},"type":"if","locations":[{"start":{"line":99,"column":16},"end":{"line":102,"column":17}},{"start":{},"end":{}}],"line":99},"7":{"loc":{"start":{"line":103,"column":16},"end":{"line":105,"column":17}},"type":"if","locations":[{"start":{"line":103,"column":16},"end":{"line":105,"column":17}},{"start":{},"end":{}}],"line":103},"8":{"loc":{"start":{"line":103,"column":20},"end":{"line":103,"column":43}},"type":"binary-expr","locations":[{"start":{"line":103,"column":20},"end":{"line":103,"column":24}},{"start":{"line":103,"column":28},"end":{"line":103,"column":43}}],"line":103},"9":{"loc":{"start":{"line":106,"column":24},"end":{"line":106,"column":34}},"type":"binary-expr","locations":[{"start":{"line":106,"column":24},"end":{"line":106,"column":28}},{"start":{"line":106,"column":32},"end":{"line":106,"column":34}}],"line":106},"10":{"loc":{"start":{"line":124,"column":16},"end":{"line":127,"column":17}},"type":"if","locations":[{"start":{"line":124,"column":16},"end":{"line":127,"column":17}},{"start":{},"end":{}}],"line":124},"11":{"loc":{"start":{"line":128,"column":16},"end":{"line":130,"column":17}},"type":"if","locations":[{"start":{"line":128,"column":16},"end":{"line":130,"column":17}},{"start":{},"end":{}}],"line":128},"12":{"loc":{"start":{"line":128,"column":20},"end":{"line":128,"column":43}},"type":"binary-expr","locations":[{"start":{"line":128,"column":20},"end":{"line":128,"column":24}},{"start":{"line":128,"column":28},"end":{"line":128,"column":43}}],"line":128},"13":{"loc":{"start":{"line":131,"column":24},"end":{"line":131,"column":34}},"type":"binary-expr","locations":[{"start":{"line":131,"column":24},"end":{"line":131,"column":28}},{"start":{"line":131,"column":32},"end":{"line":131,"column":34}}],"line":131},"14":{"loc":{"start":{"line":149,"column":16},"end":{"line":152,"column":17}},"type":"if","locations":[{"start":{"line":149,"column":16},"end":{"line":152,"column":17}},{"start":{},"end":{}}],"line":149},"15":{"loc":{"start":{"line":153,"column":16},"end":{"line":155,"column":17}},"type":"if","locations":[{"start":{"line":153,"column":16},"end":{"line":155,"column":17}},{"start":{},"end":{}}],"line":153},"16":{"loc":{"start":{"line":153,"column":20},"end":{"line":153,"column":43}},"type":"binary-expr","locations":[{"start":{"line":153,"column":20},"end":{"line":153,"column":24}},{"start":{"line":153,"column":28},"end":{"line":153,"column":43}}],"line":153},"17":{"loc":{"start":{"line":156,"column":24},"end":{"line":156,"column":34}},"type":"binary-expr","locations":[{"start":{"line":156,"column":24},"end":{"line":156,"column":28}},{"start":{"line":156,"column":32},"end":{"line":156,"column":34}}],"line":156},"18":{"loc":{"start":{"line":174,"column":16},"end":{"line":177,"column":17}},"type":"if","locations":[{"start":{"line":174,"column":16},"end":{"line":177,"column":17}},{"start":{},"end":{}}],"line":174},"19":{"loc":{"start":{"line":178,"column":16},"end":{"line":180,"column":17}},"type":"if","locations":[{"start":{"line":178,"column":16},"end":{"line":180,"column":17}},{"start":{},"end":{}}],"line":178},"20":{"loc":{"start":{"line":178,"column":20},"end":{"line":178,"column":43}},"type":"binary-expr","locations":[{"start":{"line":178,"column":20},"end":{"line":178,"column":24}},{"start":{"line":178,"column":28},"end":{"line":178,"column":43}}],"line":178},"21":{"loc":{"start":{"line":181,"column":24},"end":{"line":181,"column":34}},"type":"binary-expr","locations":[{"start":{"line":181,"column":24},"end":{"line":181,"column":28}},{"start":{"line":181,"column":32},"end":{"line":181,"column":34}}],"line":181},"22":{"loc":{"start":{"line":198,"column":28},"end":{"line":198,"column":61}},"type":"cond-expr","locations":[{"start":{"line":198,"column":34},"end":{"line":198,"column":45}},{"start":{"line":198,"column":48},"end":{"line":198,"column":61}}],"line":198},"23":{"loc":{"start":{"line":211,"column":26},"end":{"line":211,"column":59}},"type":"cond-expr","locations":[{"start":{"line":211,"column":32},"end":{"line":211,"column":43}},{"start":{"line":211,"column":46},"end":{"line":211,"column":59}}],"line":211},"24":{"loc":{"start":{"line":225,"column":28},"end":{"line":225,"column":61}},"type":"cond-expr","locations":[{"start":{"line":225,"column":34},"end":{"line":225,"column":45}},{"start":{"line":225,"column":48},"end":{"line":225,"column":61}}],"line":225}},"s":{"0":2,"1":2,"2":0,"3":0,"4":0,"5":0,"6":0,"7":0,"8":0,"9":0,"10":0,"11":0,"12":0,"13":0,"14":0,"15":0,"16":0,"17":0,"18":0,"19":0,"20":0,"21":0,"22":0,"23":0,"24":0,"25":0,"26":0,"27":0,"28":0,"29":0,"30":0,"31":0,"32":0,"33":0,"34":0,"35":0,"36":0,"37":0,"38":0,"39":0,"40":0,"41":0,"42":0,"43":0,"44":0,"45":0,"46":0,"47":0,"48":0,"49":0,"50":0,"51":0,"52":0,"53":0,"54":0,"55":0,"56":0,"57":0,"58":0,"59":0,"60":0,"61":0,"62":0,"63":0,"64":0,"65":0,"66":0,"67":2},"f":{"0":0,"1":0,"2":0,"3":0,"4":0,"5":0,"6":0,"7":0,"8":0,"9":0,"10":0,"11":0,"12":0,"13":0,"14":0,"15":0,"16":0,"17":0,"18":0,"19":0,"20":0,"21":0,"22":0,"23":0,"24":0,"25":0,"26":0,"27":0,"28":0,"29":0,"30":0,"31":0,"32":0,"33":0,"34":0,"35":0,"36":0,"37":0,"38":0},"b":{"0":[0,0],"1":[0,0],"2":[0,0],"3":[0,0],"4":[0,0],"5":[0,0],"6":[0,0],"7":[0,0],"8":[0,0],"9":[0,0],"10":[0,0],"11":[0,0],"12":[0,0],"13":[0,0],"14":[0,0],"15":[0,0],"16":[0,0],"17":[0,0],"18":[0,0],"19":[0,0],"20":[0,0],"21":[0,0],"22":[0,0],"23":[0,0],"24":[0,0]},"_coverageSchema":"1a1c01bbd47fc00a2c39e90264f33305004495a9","hash":"bec12c16266c5ef113ab36843ee6ab9e105a8f9a"}
}
