TN:
SF:backend\getDBinfo\inserts.js
FN:7,insertDailySummary
FN:27,insertCustomDevice
FN:50,insertPersonInfo
FN:73,checkPersonExists
FN:79,insertPerson
FN:129,insertUserDevice
FN:153,insertObservation
FN:199,insertMultipleObservation
FN:215,(anonymous_8)
FN:216,(anonymous_9)
FN:222,(anonymous_10)
FN:236,(anonymous_11)
FN:242,insertMeasurement
FN:287,insertMultipleMeasurement
FN:315,(anonymous_14)
FN:325,(anonymous_15)
FNF:16
FNH:15
FNDA:4,insertDailySummary
FNDA:2,insertCustomDevice
FNDA:2,insertPersonInfo
FNDA:0,checkPersonExists
FNDA:3,insertPerson
FNDA:2,insertUserDevice
FNDA:3,insertObservation
FNDA:2,insertMultipleObservation
FNDA:4,(anonymous_8)
FNDA:80,(anonymous_9)
FNDA:4,(anonymous_10)
FNDA:2,(anonymous_11)
FNDA:2,insertMeasurement
FNDA:3,insertMultipleMeasurement
FNDA:6,(anonymous_14)
FNDA:6,(anonymous_15)
DA:1,1
DA:2,1
DA:3,1
DA:4,1
DA:5,1
DA:8,4
DA:9,4
DA:15,4
DA:19,4
DA:20,2
DA:22,2
DA:23,2
DA:28,2
DA:29,2
DA:39,2
DA:43,2
DA:44,1
DA:46,1
DA:51,2
DA:52,2
DA:62,2
DA:66,2
DA:67,1
DA:69,1
DA:74,0
DA:75,0
DA:76,0
DA:87,3
DA:88,3
DA:89,1
DA:90,1
DA:92,2
DA:93,2
DA:107,2
DA:116,2
DA:118,1
DA:119,1
DA:120,1
DA:121,1
DA:123,1
DA:130,2
DA:131,2
DA:141,2
DA:145,2
DA:146,1
DA:148,1
DA:154,3
DA:156,3
DA:174,3
DA:176,3
DA:189,3
DA:192,1
DA:194,2
DA:195,2
DA:201,2
DA:202,2
DA:203,2
DA:215,4
DA:216,80
DA:222,4
DA:234,2
DA:236,2
DA:238,1
DA:244,2
DA:246,2
DA:266,2
DA:278,2
DA:281,1
DA:283,1
DA:288,3
DA:289,3
DA:290,3
DA:293,3
DA:294,3
DA:296,3
DA:297,3
DA:298,3
DA:299,3
DA:301,3
DA:303,3
DA:315,6
DA:325,6
DA:336,3
DA:337,3
DA:338,1
DA:341,1
DA:342,1
DA:344,2
DA:345,2
DA:349,1
LF:90
LH:87
BRDA:20,0,0,1
BRDA:20,0,1,1
BRDA:82,1,0,0
BRDA:83,2,0,0
BRDA:84,3,0,1
BRDA:88,4,0,1
BRDA:88,4,1,2
BRF:7
BRH:5
end_of_record
TN:
SF:backend\models\db.js
FNF:0
FNH:0
DA:1,1
DA:2,1
DA:3,1
DA:6,1
DA:10,1
DA:19,1
DA:21,1
LF:7
LH:7
BRF:0
BRH:0
end_of_record
