TN:
SF:backend\api\formatData.js
FN:8,logConceptError
FN:12,checkConcepts
FN:39,generateMeasurementSummary
FN:62,formatActivityData
FNF:4
FNH:3
FNDA:1,logConceptError
FNDA:1,checkConcepts
FNDA:0,generateMeasurementSummary
FNDA:1,formatActivityData
DA:1,1
DA:2,1
DA:3,1
DA:4,1
DA:5,1
DA:9,1
DA:14,1
DA:15,1
DA:21,1
DA:25,0
DA:26,0
DA:27,0
DA:33,0
DA:36,0
DA:40,0
DA:41,0
DA:43,0
DA:51,0
DA:53,0
DA:54,0
DA:55,0
DA:59,0
DA:63,1
DA:65,1
DA:79,1
DA:129,1
DA:130,1
DA:133,0
DA:134,0
DA:136,0
DA:144,0
DA:147,0
DA:148,0
DA:149,0
DA:153,0
DA:154,0
DA:159,0
DA:161,0
DA:162,0
DA:164,0
DA:165,0
DA:171,0
DA:174,0
DA:181,0
DA:183,0
DA:185,0
DA:190,0
DA:191,0
DA:195,1
LF:49
LH:15
BRDA:14,0,0,1
BRDA:14,0,1,0
BRDA:26,1,0,0
BRDA:26,1,1,0
BRDA:26,2,0,0
BRDA:26,2,1,0
BRDA:28,3,0,0
BRDA:28,3,1,0
BRDA:53,4,0,0
BRDA:53,4,1,0
BRDA:129,5,0,1
BRDA:129,5,1,0
BRDA:153,6,0,0
BRDA:153,6,1,0
BRDA:153,7,0,0
BRDA:153,7,1,0
BRDA:164,8,0,0
BRDA:164,8,1,0
BRDA:183,9,0,0
BRDA:183,9,1,0
BRF:20
BRH:2
end_of_record
TN:
SF:backend\getDBinfo\constants.js
FN:14,(anonymous_0)
FN:15,(anonymous_1)
FN:16,(anonymous_2)
FN:17,(anonymous_3)
FN:18,(anonymous_4)
FNF:5
FNH:0
FNDA:0,(anonymous_0)
FNDA:0,(anonymous_1)
FNDA:0,(anonymous_2)
FNDA:0,(anonymous_3)
FNDA:0,(anonymous_4)
DA:4,3
DA:14,0
DA:15,0
DA:16,0
DA:17,0
DA:18,0
LF:6
LH:1
BRF:0
BRH:0
end_of_record
TN:
SF:backend\getDBinfo\getConcept.js
FN:11,getConceptInfoMeasValue
FN:35,getConceptInfoObservation
FN:57,getConceptInfoMeasurement
FN:78,getConceptUnit
FN:100,getConceptBiobank
FNF:5
FNH:0
FNDA:0,getConceptInfoMeasValue
FNDA:0,getConceptInfoObservation
FNDA:0,getConceptInfoMeasurement
FNDA:0,getConceptUnit
FNDA:0,getConceptBiobank
DA:1,2
DA:2,2
DA:3,2
DA:4,2
DA:5,2
DA:12,0
DA:13,0
DA:20,0
DA:22,0
DA:24,0
DA:26,0
DA:27,0
DA:30,0
DA:31,0
DA:36,0
DA:37,0
DA:44,0
DA:46,0
DA:47,0
DA:49,0
DA:52,0
DA:53,0
DA:58,0
DA:59,0
DA:66,0
DA:67,0
DA:68,0
DA:70,0
DA:73,0
DA:74,0
DA:79,0
DA:80,0
DA:87,0
DA:89,0
DA:90,0
DA:92,0
DA:95,0
DA:96,0
DA:101,0
DA:102,0
DA:109,0
DA:111,0
DA:112,0
DA:114,0
DA:117,0
DA:118,0
DA:123,2
LF:47
LH:6
BRDA:22,0,0,0
BRDA:22,0,1,0
BRDA:46,1,0,0
BRDA:46,1,1,0
BRDA:67,2,0,0
BRDA:67,2,1,0
BRDA:89,3,0,0
BRDA:89,3,1,0
BRDA:111,4,0,0
BRDA:111,4,1,0
BRF:10
BRH:0
end_of_record
TN:
SF:backend\getDBinfo\getUserId.js
FN:11,getUserDeviceInfo
FN:43,getUserAge
FN:53,getDeviceInfo
FN:82,updateLastSyncUserDevice
FN:94,getUsers
FN:104,getDevices
FN:112,getUserInfo
FN:120,getUserModel
FN:134,getAllAccessTokens
FN:144,getTokensFromDB
FN:161,getInfoUserDeviceFromUserId
FNF:11
FNH:0
FNDA:0,getUserDeviceInfo
FNDA:0,getUserAge
FNDA:0,getDeviceInfo
FNDA:0,updateLastSyncUserDevice
FNDA:0,getUsers
FNDA:0,getDevices
FNDA:0,getUserInfo
FNDA:0,getUserModel
FNDA:0,getAllAccessTokens
FNDA:0,getTokensFromDB
FNDA:0,getInfoUserDeviceFromUserId
DA:1,2
DA:2,2
DA:3,2
DA:4,2
DA:5,2
DA:12,0
DA:13,0
DA:22,0
DA:24,0
DA:25,0
DA:26,0
DA:27,0
DA:29,0
DA:30,0
DA:32,0
DA:34,0
DA:35,0
DA:38,0
DA:39,0
DA:44,0
DA:49,0
DA:50,0
DA:54,0
DA:55,0
DA:64,0
DA:66,0
DA:67,0
DA:69,0
DA:71,0
DA:73,0
DA:74,0
DA:77,0
DA:78,0
DA:83,0
DA:88,0
DA:89,0
DA:90,0
DA:95,0
DA:96,0
DA:99,0
DA:100,0
DA:101,0
DA:105,0
DA:108,0
DA:109,0
DA:113,0
DA:116,0
DA:117,0
DA:121,0
DA:130,0
DA:131,0
DA:135,0
DA:140,0
DA:141,0
DA:145,0
DA:149,0
DA:150,0
DA:151,0
DA:156,0
DA:157,0
DA:162,0
DA:172,0
DA:174,0
DA:181,2
LF:64
LH:6
BRDA:24,0,0,0
BRDA:24,0,1,0
BRDA:66,1,0,0
BRDA:66,1,1,0
BRDA:150,2,0,0
BRDA:150,2,1,0
BRF:6
BRH:0
end_of_record
TN:
SF:backend\getDBinfo\inserts.js
FN:7,insertDailySummary
FN:29,insertCustomDevice
FN:52,insertPersonInfo
FN:75,checkPersonExists
FN:81,insertPerson
FN:124,insertUserDevice
FN:148,insertObservation
FN:193,insertMultipleObservation
FN:209,(anonymous_8)
FN:210,(anonymous_9)
FN:215,(anonymous_10)
FN:229,(anonymous_11)
FN:235,insertMeasurement
FN:279,insertMultipleMeasurement
FN:307,(anonymous_14)
FN:316,(anonymous_15)
FNF:16
FNH:0
FNDA:0,insertDailySummary
FNDA:0,insertCustomDevice
FNDA:0,insertPersonInfo
FNDA:0,checkPersonExists
FNDA:0,insertPerson
FNDA:0,insertUserDevice
FNDA:0,insertObservation
FNDA:0,insertMultipleObservation
FNDA:0,(anonymous_8)
FNDA:0,(anonymous_9)
FNDA:0,(anonymous_10)
FNDA:0,(anonymous_11)
FNDA:0,insertMeasurement
FNDA:0,insertMultipleMeasurement
FNDA:0,(anonymous_14)
FNDA:0,(anonymous_15)
DA:1,2
DA:2,2
DA:3,2
DA:4,2
DA:5,2
DA:8,0
DA:9,0
DA:17,0
DA:21,0
DA:22,0
DA:24,0
DA:25,0
DA:30,0
DA:31,0
DA:41,0
DA:45,0
DA:46,0
DA:48,0
DA:53,0
DA:54,0
DA:64,0
DA:68,0
DA:69,0
DA:71,0
DA:76,0
DA:77,0
DA:78,0
DA:82,0
DA:83,0
DA:84,0
DA:85,0
DA:87,0
DA:88,0
DA:102,0
DA:111,0
DA:113,0
DA:114,0
DA:115,0
DA:116,0
DA:118,0
DA:125,0
DA:126,0
DA:136,0
DA:140,0
DA:141,0
DA:143,0
DA:149,0
DA:151,0
DA:168,0
DA:170,0
DA:183,0
DA:186,0
DA:188,0
DA:189,0
DA:195,0
DA:196,0
DA:197,0
DA:209,0
DA:210,0
DA:215,0
DA:227,0
DA:229,0
DA:231,0
DA:237,0
DA:239,0
DA:258,0
DA:270,0
DA:273,0
DA:275,0
DA:280,0
DA:281,0
DA:282,0
DA:285,0
DA:286,0
DA:288,0
DA:289,0
DA:290,0
DA:291,0
DA:293,0
DA:295,0
DA:307,0
DA:316,0
DA:327,0
DA:328,0
DA:329,0
DA:332,0
DA:333,0
DA:335,0
DA:336,0
DA:340,2
LF:90
LH:6
BRDA:83,0,0,0
BRDA:83,0,1,0
BRF:2
BRH:0
end_of_record
TN:
SF:backend\models\db.js
FNF:0
FNH:0
DA:1,3
DA:2,3
DA:3,3
DA:6,3
DA:10,3
DA:19,3
DA:21,3
LF:7
LH:7
BRF:0
BRH:0
end_of_record
TN:
SF:migration\formatData.js
FN:4,generateObservationData
FN:33,generateMeasurementData
FNF:2
FNH:0
FNDA:0,generateObservationData
FNDA:0,generateMeasurementData
DA:1,1
DA:6,0
DA:7,0
DA:9,0
DA:36,0
DA:37,0
DA:41,0
DA:66,1
LF:8
LH:2
BRDA:6,0,0,0
BRDA:6,0,1,0
BRDA:7,1,0,0
BRDA:7,1,1,0
BRDA:36,2,0,0
BRDA:36,2,1,0
BRDA:37,3,0,0
BRDA:37,3,1,0
BRF:8
BRH:0
end_of_record
TN:
SF:migration\formatValue.js
FN:2,formatDate
FN:7,formatToTimestamp
FN:27,stringToMinutes
FN:53,milesToMeters
FNF:4
FNH:2
FNDA:2,formatDate
FNDA:2,formatToTimestamp
FNDA:0,stringToMinutes
FNDA:0,milesToMeters
DA:3,2
DA:4,2
DA:9,2
DA:12,2
DA:13,2
DA:14,2
DA:15,2
DA:16,2
DA:17,2
DA:18,2
DA:21,2
DA:23,2
DA:29,0
DA:31,0
DA:33,0
DA:34,0
DA:35,0
DA:36,0
DA:37,0
DA:39,0
DA:40,0
DA:41,0
DA:42,0
DA:43,0
DA:44,0
DA:45,0
DA:47,0
DA:48,0
DA:49,0
DA:54,0
DA:60,2
LF:31
LH:13
BRDA:29,0,0,0
BRDA:29,0,1,0
BRDA:29,1,0,0
BRDA:29,1,1,0
BRDA:31,2,0,0
BRDA:31,2,1,0
BRDA:34,3,0,0
BRDA:34,3,1,0
BRDA:40,4,0,0
BRDA:40,4,1,0
BRDA:44,5,0,0
BRDA:44,5,1,0
BRDA:47,6,0,0
BRDA:47,6,1,0
BRF:14
BRH:0
end_of_record
TN:
SF:migrationGarmin\migration_activity_series.js
FN:17,formatActivityRecordsMesData
FN:37,checkConcepts
FN:63,generateMeasurementSummary
FN:104,formatActivityData
FN:246,(anonymous_4)
FN:306,getActivityData
FN:322,updateActivityData
FNF:7
FNH:3
FNDA:1,formatActivityRecordsMesData
FNDA:2,checkConcepts
FNDA:1,generateMeasurementSummary
FNDA:0,formatActivityData
FNDA:0,(anonymous_4)
FNDA:0,getActivityData
FNDA:0,updateActivityData
DA:1,1
DA:4,1
DA:5,1
DA:6,1
DA:7,1
DA:8,1
DA:9,1
DA:10,1
DA:11,1
DA:18,1
DA:20,1
DA:21,1
DA:23,1
DA:24,1
DA:26,1
DA:27,1
DA:29,1
DA:30,1
DA:32,1
DA:39,2
DA:40,1
DA:45,1
DA:49,1
DA:50,3
DA:51,1
DA:57,1
DA:60,1
DA:64,1
DA:65,1
DA:66,1
DA:68,1
DA:79,1
DA:81,8
DA:82,8
DA:83,8
DA:87,1
DA:93,1
DA:95,1
DA:96,1
DA:97,1
DA:101,1
DA:105,0
DA:110,0
DA:146,0
DA:206,0
DA:207,0
DA:210,0
DA:211,0
DA:212,0
DA:214,0
DA:222,0
DA:224,0
DA:228,0
DA:229,0
DA:231,0
DA:232,0
DA:238,0
DA:242,0
DA:243,0
DA:246,0
DA:249,0
DA:250,0
DA:257,0
DA:258,0
DA:259,0
DA:261,0
DA:268,0
DA:269,0
DA:273,0
DA:280,0
DA:281,0
DA:282,0
DA:285,0
DA:287,0
DA:290,0
DA:291,0
DA:297,0
DA:298,0
DA:309,0
DA:312,0
DA:313,0
DA:314,0
DA:316,0
DA:317,0
DA:327,0
DA:328,0
DA:349,1
LF:87
LH:42
BRDA:39,0,0,1
BRDA:39,0,1,1
BRDA:50,1,0,1
BRDA:50,1,1,2
BRDA:50,2,0,3
BRDA:50,2,1,3
BRDA:52,3,0,1
BRDA:52,3,1,1
BRDA:81,4,0,8
BRDA:81,4,1,0
BRDA:95,5,0,1
BRDA:95,5,1,0
BRDA:206,6,0,0
BRDA:206,6,1,0
BRDA:231,7,0,0
BRDA:231,7,1,0
BRDA:249,8,0,0
BRDA:249,8,1,0
BRDA:285,9,0,0
BRDA:285,9,1,0
BRDA:290,10,0,0
BRDA:290,10,1,0
BRF:22
BRH:10
end_of_record
TN:
SF:migrationGarmin\migration_hr_series.js
FN:18,logConceptError
FN:31,migrateHrData
FN:60,formatHrData
FN:80,(anonymous_3)
FN:115,getHrData
FN:125,updateHrData
FNF:6
FNH:4
FNDA:2,logConceptError
FNDA:1,migrateHrData
FNDA:4,formatHrData
FNDA:2,(anonymous_3)
FNDA:0,getHrData
FNDA:0,updateHrData
DA:2,1
DA:4,1
DA:5,1
DA:6,1
DA:7,1
DA:8,1
DA:9,1
DA:10,1
DA:11,1
DA:12,1
DA:15,1
DA:19,2
DA:20,2
DA:21,2
DA:22,2
DA:24,0
DA:32,1
DA:33,0
DA:34,0
DA:36,1
DA:37,1
DA:38,1
DA:39,1
DA:40,0
DA:41,0
DA:42,0
DA:43,0
DA:45,0
DA:46,0
DA:49,1
DA:52,0
DA:53,0
DA:61,4
DA:62,4
DA:64,4
DA:65,4
DA:66,2
DA:67,2
DA:69,2
DA:70,2
DA:71,2
DA:72,0
DA:73,0
DA:75,2
DA:77,2
DA:78,2
DA:80,2
DA:81,2
DA:82,0
DA:83,0
DA:85,2
DA:86,2
DA:87,2
DA:94,2
DA:95,0
DA:97,0
DA:99,0
DA:102,2
DA:104,0
DA:105,0
DA:107,2
DA:108,2
DA:116,0
DA:118,0
DA:119,0
DA:120,0
DA:121,0
DA:122,0
DA:126,0
DA:127,0
DA:131,0
DA:132,0
DA:135,0
DA:138,0
DA:139,0
DA:140,0
DA:160,1
LF:77
LH:43
BRDA:32,0,0,0
BRDA:32,0,1,1
BRDA:32,1,0,1
BRDA:32,1,1,1
BRDA:39,2,0,0
BRDA:39,2,1,1
BRDA:39,3,0,1
BRDA:39,3,1,1
BRDA:65,4,0,2
BRDA:65,4,1,2
BRDA:65,5,0,4
BRDA:65,5,1,2
BRDA:71,6,0,0
BRDA:71,6,1,2
BRDA:71,7,0,2
BRDA:71,7,1,2
BRDA:77,8,0,2
BRDA:77,8,1,2
BRDA:78,9,0,2
BRDA:78,9,1,2
BRDA:81,10,0,0
BRDA:81,10,1,2
BRDA:81,11,0,2
BRDA:81,11,1,2
BRDA:81,11,2,2
BRDA:95,12,0,0
BRDA:95,12,1,0
BRF:27
BRH:21
end_of_record
TN:
SF:migrationGarmin\sqlLiteconnection.js
FN:4,connectToSQLite
FN:5,(anonymous_1)
FN:6,(anonymous_2)
FN:24,fetchActivityData
FN:26,(anonymous_4)
FN:32,(anonymous_5)
FN:37,fetchACtivityRecordsData
FN:39,(anonymous_7)
FN:45,(anonymous_8)
FN:50,fetchCycleActivityData
FN:51,(anonymous_10)
FN:57,(anonymous_11)
FN:62,fetchPaddleActivityData
FN:63,(anonymous_13)
FN:69,(anonymous_14)
FN:74,fetchStepsActivityData
FN:75,(anonymous_16)
FN:81,(anonymous_17)
FN:90,fetchHrData
FN:92,(anonymous_19)
FN:98,(anonymous_20)
FN:115,fetchRrData
FN:117,(anonymous_22)
FN:123,(anonymous_23)
FN:140,fetchStressData
FN:142,(anonymous_25)
FN:148,(anonymous_26)
FN:165,fetchSpo2Data
FN:167,(anonymous_28)
FN:173,(anonymous_29)
FN:190,fetchSleepData
FN:192,(anonymous_31)
FN:198,(anonymous_32)
FN:203,fetchSleepEventsData
FN:205,(anonymous_34)
FN:211,(anonymous_35)
FN:217,fetchsummaryData
FN:219,(anonymous_37)
FN:225,(anonymous_38)
FNF:39
FNH:0
FNDA:0,connectToSQLite
FNDA:0,(anonymous_1)
FNDA:0,(anonymous_2)
FNDA:0,fetchActivityData
FNDA:0,(anonymous_4)
FNDA:0,(anonymous_5)
FNDA:0,fetchACtivityRecordsData
FNDA:0,(anonymous_7)
FNDA:0,(anonymous_8)
FNDA:0,fetchCycleActivityData
FNDA:0,(anonymous_10)
FNDA:0,(anonymous_11)
FNDA:0,fetchPaddleActivityData
FNDA:0,(anonymous_13)
FNDA:0,(anonymous_14)
FNDA:0,fetchStepsActivityData
FNDA:0,(anonymous_16)
FNDA:0,(anonymous_17)
FNDA:0,fetchHrData
FNDA:0,(anonymous_19)
FNDA:0,(anonymous_20)
FNDA:0,fetchRrData
FNDA:0,(anonymous_22)
FNDA:0,(anonymous_23)
FNDA:0,fetchStressData
FNDA:0,(anonymous_25)
FNDA:0,(anonymous_26)
FNDA:0,fetchSpo2Data
FNDA:0,(anonymous_28)
FNDA:0,(anonymous_29)
FNDA:0,fetchSleepData
FNDA:0,(anonymous_31)
FNDA:0,(anonymous_32)
FNDA:0,fetchSleepEventsData
FNDA:0,(anonymous_34)
FNDA:0,(anonymous_35)
FNDA:0,fetchsummaryData
FNDA:0,(anonymous_37)
FNDA:0,(anonymous_38)
DA:1,2
DA:2,2
DA:5,0
DA:6,0
DA:7,0
DA:8,0
DA:9,0
DA:10,0
DA:12,0
DA:13,0
DA:26,0
DA:27,0
DA:32,0
DA:38,0
DA:39,0
DA:40,0
DA:45,0
DA:51,0
DA:52,0
DA:57,0
DA:63,0
DA:64,0
DA:69,0
DA:75,0
DA:76,0
DA:81,0
DA:91,0
DA:92,0
DA:93,0
DA:99,0
DA:100,0
DA:101,0
DA:103,0
DA:106,0
DA:117,0
DA:118,0
DA:124,0
DA:125,0
DA:126,0
DA:128,0
DA:131,0
DA:141,0
DA:142,0
DA:143,0
DA:149,0
DA:150,0
DA:151,0
DA:153,0
DA:154,0
DA:156,0
DA:167,0
DA:168,0
DA:174,0
DA:175,0
DA:176,0
DA:178,0
DA:181,0
DA:192,0
DA:193,0
DA:198,0
DA:204,0
DA:205,0
DA:206,0
DA:211,0
DA:219,0
DA:220,0
DA:225,0
DA:231,2
LF:68
LH:3
BRDA:7,0,0,0
BRDA:7,0,1,0
BRDA:32,1,0,0
BRDA:32,1,1,0
BRDA:45,2,0,0
BRDA:45,2,1,0
BRDA:57,3,0,0
BRDA:57,3,1,0
BRDA:69,4,0,0
BRDA:69,4,1,0
BRDA:81,5,0,0
BRDA:81,5,1,0
BRDA:99,6,0,0
BRDA:99,6,1,0
BRDA:103,7,0,0
BRDA:103,7,1,0
BRDA:103,8,0,0
BRDA:103,8,1,0
BRDA:106,9,0,0
BRDA:106,9,1,0
BRDA:124,10,0,0
BRDA:124,10,1,0
BRDA:128,11,0,0
BRDA:128,11,1,0
BRDA:128,12,0,0
BRDA:128,12,1,0
BRDA:131,13,0,0
BRDA:131,13,1,0
BRDA:149,14,0,0
BRDA:149,14,1,0
BRDA:153,15,0,0
BRDA:153,15,1,0
BRDA:153,16,0,0
BRDA:153,16,1,0
BRDA:156,17,0,0
BRDA:156,17,1,0
BRDA:174,18,0,0
BRDA:174,18,1,0
BRDA:178,19,0,0
BRDA:178,19,1,0
BRDA:178,20,0,0
BRDA:178,20,1,0
BRDA:181,21,0,0
BRDA:181,21,1,0
BRDA:198,22,0,0
BRDA:198,22,1,0
BRDA:211,23,0,0
BRDA:211,23,1,0
BRDA:225,24,0,0
BRDA:225,24,1,0
BRF:50
BRH:0
end_of_record
